2025-04-03 07:47:45,896 [INFO] Activator:176 - 


2025-04-03 07:47:45,901 [INFO] Activator:177 - !SESSION log4j initialized
2025-04-03 07:47:53,159 [INFO] LogOutputStream:77 - [STDOUT_REDIRECT] 
2025-04-03 07:47:57,228 [INFO] ApplicationProperties:184 - Using Application install path: D:\ST\STM32CubeIDE_1.18.0\STM32CubeIDE\plugins\com.st.stm32cube.common.mx_6.14.0.202502271554
2025-04-03 07:47:57,262 [INFO] DbMcusXml:78 - Set database path to: D:\ST\STM32CubeIDE_1.18.0\STM32CubeIDE\plugins\com.st.stm32cube.common.mx_6.14.0.202502271554\\db\/mcu/
2025-04-03 07:47:57,262 [INFO] ApiDb:274 - Set plugin database path to: D:\ST\STM32CubeIDE_1.18.0\STM32CubeIDE\plugins\com.st.stm32cube.common.mx_6.14.0.202502271554\\db\/plugins/boardmanager/
2025-04-03 07:47:57,263 [WARN] ApiDb:259 - Overriding images path with different value:  => D:\ST\STM32CubeIDE_1.18.0\STM32CubeIDE\plugins\com.st.stm32cube.common.mx_6.14.0.202502271554\\db\/plugins/mcufinder/images/
2025-04-03 07:47:57,282 [INFO] ApiDb:250 - Set database path to: C:\Users\Admin\.stmcufinder\plugins\mcufinder//mcu/
2025-04-03 07:47:57,283 [INFO] DbMcusAds:125 - Set database path to: C:\Users\Admin\.stmcufinder\plugins\mcufinder//mcu/
2025-04-03 07:47:57,791 [INFO] CrossReferenceDbSqlite:203 - Set database path to: C:\Users\Admin\.stmcufinder\plugins\mcufinder//mcu/cs/
2025-04-03 07:47:58,026 [INFO] RulesReader:64 - Compatibility file has been processed (301 Rules)
2025-04-03 07:47:58,168 [INFO] DbMcusXml:78 - Set database path to: D:\ST\STM32CubeIDE_1.18.0\STM32CubeIDE\plugins\com.st.stm32cube.common.mx_6.14.0.202502271554\\db\/mcu/
2025-04-03 07:47:58,168 [INFO] ApiDb:274 - Set plugin database path to: D:\ST\STM32CubeIDE_1.18.0\STM32CubeIDE\plugins\com.st.stm32cube.common.mx_6.14.0.202502271554\\db\/plugins/boardmanager/
2025-04-03 07:47:58,168 [INFO] ApiDb:261 - Set plugin images path to: D:\ST\STM32CubeIDE_1.18.0\STM32CubeIDE\plugins\com.st.stm32cube.common.mx_6.14.0.202502271554\\db\/plugins/mcufinder/images/
2025-04-03 07:47:58,169 [WARN] DbFile:41 - Overriding database path with different value: C:\Users\Admin\.stmcufinder\plugins\mcufinder/ => C:\Users\Admin\.stmcufinder\plugins\mcufinder
2025-04-03 07:47:58,169 [INFO] ApiDb:250 - Set database path to: C:\Users\Admin\.stmcufinder\plugins\mcufinder//mcu/
2025-04-03 07:47:58,169 [WARN] DbFile:41 - Overriding database path with different value: C:\Users\Admin\.stmcufinder\plugins\mcufinder/ => C:\Users\Admin\.stmcufinder\plugins\mcufinder
2025-04-03 07:47:58,169 [INFO] DbMcusAds:125 - Set database path to: C:\Users\Admin\.stmcufinder\plugins\mcufinder//mcu/
2025-04-03 07:47:58,169 [WARN] DbFile:41 - Overriding database path with different value: C:\Users\Admin\.stmcufinder\plugins\mcufinder/ => C:\Users\Admin\.stmcufinder\plugins\mcufinder
2025-04-03 07:47:58,170 [WARN] DbFile:41 - Overriding database path with different value: C:\Users\Admin\.stmcufinder\plugins\mcufinder/ => C:\Users\Admin\.stmcufinder\plugins\mcufinder
2025-04-03 07:47:58,791 [INFO] CrossReferenceDbSqlite:203 - Set database path to: C:\Users\Admin\.stmcufinder\plugins\mcufinder//mcu/cs/
2025-04-03 07:47:58,941 [INFO] MainPanel:272 - HeapMemory: 268435456
2025-04-03 07:47:59,205 [INFO] DbMcusXml:78 - Set database path to: D:\ST\STM32CubeIDE_1.18.0\STM32CubeIDE\plugins\com.st.stm32cube.common.mx_6.14.0.202502271554\\db\/mcu/
2025-04-03 07:47:59,206 [INFO] ApiDb:274 - Set plugin database path to: D:\ST\STM32CubeIDE_1.18.0\STM32CubeIDE\plugins\com.st.stm32cube.common.mx_6.14.0.202502271554\\db\/plugins/boardmanager/
2025-04-03 07:47:59,206 [INFO] ApiDb:261 - Set plugin images path to: D:\ST\STM32CubeIDE_1.18.0\STM32CubeIDE\plugins\com.st.stm32cube.common.mx_6.14.0.202502271554\\db\/plugins/mcufinder/images/
2025-04-03 07:47:59,206 [WARN] DbFile:41 - Overriding database path with different value: C:\Users\Admin\.stmcufinder\plugins\mcufinder/ => C:\Users\Admin\.stmcufinder\plugins\mcufinder
2025-04-03 07:47:59,206 [INFO] ApiDb:250 - Set database path to: C:\Users\Admin\.stmcufinder\plugins\mcufinder//mcu/
2025-04-03 07:47:59,206 [WARN] DbFile:41 - Overriding database path with different value: C:\Users\Admin\.stmcufinder\plugins\mcufinder/ => C:\Users\Admin\.stmcufinder\plugins\mcufinder
2025-04-03 07:47:59,206 [INFO] DbMcusAds:125 - Set database path to: C:\Users\Admin\.stmcufinder\plugins\mcufinder//mcu/
2025-04-03 07:47:59,207 [WARN] DbFile:41 - Overriding database path with different value: C:\Users\Admin\.stmcufinder\plugins\mcufinder/ => C:\Users\Admin\.stmcufinder\plugins\mcufinder
2025-04-03 07:47:59,207 [WARN] DbFile:41 - Overriding database path with different value: C:\Users\Admin\.stmcufinder\plugins\mcufinder/ => C:\Users\Admin\.stmcufinder\plugins\mcufinder
2025-04-03 07:47:59,791 [INFO] CrossReferenceDbSqlite:203 - Set database path to: C:\Users\Admin\.stmcufinder\plugins\mcufinder//mcu/cs/
2025-04-03 07:47:59,835 [INFO] ApplicationProperties:184 - Using Application install path: D:\ST\STM32CubeIDE_1.18.0\STM32CubeIDE\plugins\com.st.stm32cube.common.mx_6.14.0.202502271554
2025-04-03 07:47:59,838 [INFO] PluginManage:196 - Search for loadable plugins [exclusion list=, ]
2025-04-03 07:47:59,841 [INFO] PluginManage:310 - Check plugin analytics
2025-04-03 07:48:00,910 [INFO] AnalyticsPlugin:253 - Accepted Software Licenses: STM32CubeMX.6.14.0
2025-04-03 07:48:00,911 [INFO] AnalyticsPlugin:255 - Accepted CMSIS Pack Licenses: 
2025-04-03 07:48:00,911 [INFO] AnalyticsPlugin:257 - Accepted Firmware Licenses: 
2025-04-03 07:48:00,913 [INFO] PluginManage:359 - Loaded plugin analytics (category:tool,tabindex:-1)
2025-04-03 07:48:00,914 [INFO] PluginManage:310 - Check plugin cadmodel
2025-04-03 07:48:00,946 [INFO] CADModel:105 - Init CAD model plugin
2025-04-03 07:48:00,947 [INFO] PluginManage:359 - Loaded plugin cadmodel (category:power,tabindex:5)
2025-04-03 07:48:00,947 [INFO] PluginManage:310 - Check plugin clock
2025-04-03 07:48:00,982 [INFO] PluginManage:359 - Loaded plugin clock (category:base,tabindex:2)
2025-04-03 07:48:00,982 [INFO] PluginManage:310 - Check plugin ddr
2025-04-03 07:48:00,985 [INFO] PluginManage:359 - Loaded plugin ddr (category:tool,tabindex:6)
2025-04-03 07:48:00,986 [INFO] PluginManage:310 - Check plugin filemanager
2025-04-03 07:48:01,208 [INFO] PluginManage:359 - Loaded plugin filemanager (category:base,tabindex:10)
2025-04-03 07:48:01,208 [INFO] PluginManage:310 - Check plugin ipmanager
2025-04-03 07:48:01,220 [INFO] PluginManage:359 - Loaded plugin ipmanager (category:base,tabindex:5)
2025-04-03 07:48:01,220 [INFO] PluginManage:310 - Check plugin lpbam
2025-04-03 07:48:01,265 [INFO] PluginManage:359 - Loaded plugin lpbam (category:base,tabindex:0)
2025-04-03 07:48:01,265 [INFO] PluginManage:310 - Check plugin memorymap
2025-04-03 07:48:01,330 [INFO] PluginManage:359 - Loaded plugin memorymap (category:base,tabindex:4)
2025-04-03 07:48:01,330 [INFO] PluginManage:310 - Check plugin pinoutandconfiguration
2025-04-03 07:48:01,370 [INFO] PluginManage:359 - Loaded plugin pinoutandconfiguration (category:base,tabindex:1)
2025-04-03 07:48:01,371 [INFO] PluginManage:310 - Check plugin pinoutconfig
2025-04-03 07:48:01,530 [WARN] SupportedApi:132 - Cannot load RTOS API schema: s4s-elt-must-match.1: The content of 'definitions' must match (annotation?, (simpleType | complexType)?, (unique | key | keyref)*)). A problem was found starting at: attribute.
2025-04-03 07:48:01,725 [INFO] PluginManage:359 - Loaded plugin pinoutconfig (category:base,tabindex:0)
2025-04-03 07:48:01,725 [INFO] PluginManage:310 - Check plugin power
2025-04-03 07:48:01,770 [INFO] PluginManage:359 - Loaded plugin power (category:power,tabindex:4)
2025-04-03 07:48:01,771 [INFO] PluginManage:310 - Check plugin projectmanager
2025-04-03 07:48:01,791 [INFO] PluginManage:359 - Loaded plugin projectmanager (category:projectmanager,tabindex:4)
2025-04-03 07:48:01,791 [INFO] PluginManage:310 - Check plugin rif
2025-04-03 07:48:01,832 [INFO] PluginManage:359 - Loaded plugin rif (category:base,tabindex:3)
2025-04-03 07:48:01,832 [INFO] PluginManage:310 - Check plugin thirdparty
2025-04-03 07:48:02,344 [INFO] PluginManage:359 - Loaded plugin thirdparty (category:base,tabindex:-1)
2025-04-03 07:48:02,345 [WARN] IntegrityCheckThread:84 - waiting for thirdparty lock release [integrity check]
2025-04-03 07:48:02,345 [INFO] PluginManage:310 - Check plugin tools
2025-04-03 07:48:02,345 [INFO] IntegrityCheckThread:86 - entering critical section [integrity check]
2025-04-03 07:48:02,346 [INFO] ThirdPartyUpdaterWithRetryManager:70 - Updater plugin not ready yet. [1/15]
2025-04-03 07:48:02,415 [INFO] PluginManage:359 - Loaded plugin tools (category:base,tabindex:7)
2025-04-03 07:48:02,416 [INFO] PluginManage:310 - Check plugin tutovideos
2025-04-03 07:48:02,863 [INFO] PluginManage:359 - Loaded plugin tutovideos (category:base,tabindex:-1)
2025-04-03 07:48:02,864 [INFO] PluginManage:310 - Check plugin updater
2025-04-03 07:48:02,897 [INFO] PluginManage:359 - Loaded plugin updater (category:base,tabindex:12)
2025-04-03 07:48:02,897 [INFO] PluginManage:310 - Check plugin userauth
2025-04-03 07:48:02,903 [INFO] UserAuth:118 - Init User Auth plugin
2025-04-03 07:48:02,904 [INFO] PluginManage:359 - Loaded plugin userauth (category:base,tabindex:14)
2025-04-03 07:48:02,904 [INFO] PluginManage:283 - PluginManage : Loaded plugins [18]
2025-04-03 07:48:03,248 [INFO] PinOutPanel:1589 - setPackage(No Configuration,No Configuration)
2025-04-03 07:48:03,369 [INFO] CADModel:165 - CPN selected for project level
2025-04-03 07:48:03,369 [INFO] CADModel:114 - Register for checkConnection events
2025-04-03 07:48:03,408 [INFO] IPUIPlugin:80 - create IPUIPlugin
2025-04-03 07:48:03,408 [INFO] PluginManager:220 - loadIPPluginJar : add adc
2025-04-03 07:48:03,467 [INFO] IPUIPlugin:80 - create IPUIPlugin
2025-04-03 07:48:03,467 [INFO] PluginManager:220 - loadIPPluginJar : add aes
2025-04-03 07:48:03,537 [INFO] IPUIPlugin:80 - create IPUIPlugin
2025-04-03 07:48:03,537 [INFO] PluginManager:220 - loadIPPluginJar : add can
2025-04-03 07:48:03,588 [INFO] IPUIPlugin:80 - create IPUIPlugin
2025-04-03 07:48:03,588 [INFO] PluginManager:220 - loadIPPluginJar : add comp
2025-04-03 07:48:03,643 [INFO] IPUIPlugin:80 - create IPUIPlugin
2025-04-03 07:48:03,643 [INFO] PluginManager:220 - loadIPPluginJar : add cryp
2025-04-03 07:48:03,664 [INFO] IPUIPlugin:80 - create IPUIPlugin
2025-04-03 07:48:03,664 [INFO] PluginManager:220 - loadIPPluginJar : add ddr_ctrl_phy
2025-04-03 07:48:03,708 [INFO] IPUIPlugin:80 - create IPUIPlugin
2025-04-03 07:48:03,709 [INFO] PluginManager:220 - loadIPPluginJar : add dfsdm
2025-04-03 07:48:03,733 [INFO] IPUIPlugin:80 - create IPUIPlugin
2025-04-03 07:48:03,734 [INFO] PluginManager:220 - loadIPPluginJar : add dma
2025-04-03 07:48:03,790 [INFO] IPUIPlugin:80 - create IPUIPlugin
2025-04-03 07:48:03,790 [INFO] PluginManager:220 - loadIPPluginJar : add dma3
2025-04-03 07:48:03,861 [INFO] IPUIPlugin:80 - create IPUIPlugin
2025-04-03 07:48:03,861 [INFO] PluginManager:220 - loadIPPluginJar : add extmemmanager
2025-04-03 07:48:03,894 [INFO] IPUIPlugin:80 - create IPUIPlugin
2025-04-03 07:48:03,894 [INFO] PluginManager:220 - loadIPPluginJar : add fatfs
2025-04-03 07:48:03,964 [INFO] IPUIPlugin:80 - create IPUIPlugin
2025-04-03 07:48:03,965 [INFO] PluginManager:220 - loadIPPluginJar : add fmc
2025-04-03 07:48:03,996 [INFO] IPUIPlugin:80 - create IPUIPlugin
2025-04-03 07:48:03,997 [INFO] PluginManager:220 - loadIPPluginJar : add freertos
2025-04-03 07:48:04,032 [INFO] IPUIPlugin:80 - create IPUIPlugin
2025-04-03 07:48:04,033 [INFO] PluginManager:220 - loadIPPluginJar : add genericplugin
2025-04-03 07:48:04,163 [INFO] IPUIPlugin:80 - create IPUIPlugin
2025-04-03 07:48:04,163 [INFO] PluginManager:220 - loadIPPluginJar : add gfxmmu
2025-04-03 07:48:04,352 [INFO] IPUIPlugin:80 - create IPUIPlugin
2025-04-03 07:48:04,352 [INFO] PluginManager:220 - loadIPPluginJar : add gic
2025-04-03 07:48:04,374 [INFO] IPUIPlugin:80 - create IPUIPlugin
2025-04-03 07:48:04,374 [INFO] PluginManager:220 - loadIPPluginJar : add gpio
2025-04-03 07:48:04,508 [INFO] IPUIPlugin:80 - create IPUIPlugin
2025-04-03 07:48:04,509 [INFO] PluginManager:220 - loadIPPluginJar : add gtzc
2025-04-03 07:48:04,560 [INFO] IPUIPlugin:80 - create IPUIPlugin
2025-04-03 07:48:04,561 [INFO] PluginManager:220 - loadIPPluginJar : add hash
2025-04-03 07:48:04,642 [INFO] IPUIPlugin:80 - create IPUIPlugin
2025-04-03 07:48:04,642 [INFO] PluginManager:220 - loadIPPluginJar : add i2c
2025-04-03 07:48:04,702 [INFO] IPUIPlugin:80 - create IPUIPlugin
2025-04-03 07:48:04,703 [INFO] PluginManager:220 - loadIPPluginJar : add i2s
2025-04-03 07:48:04,764 [INFO] IPUIPlugin:80 - create IPUIPlugin
2025-04-03 07:48:04,764 [INFO] PluginManager:220 - loadIPPluginJar : add i3c
2025-04-03 07:48:04,932 [INFO] IPUIPlugin:80 - create IPUIPlugin
2025-04-03 07:48:04,933 [INFO] PluginManager:220 - loadIPPluginJar : add ipddr
2025-04-03 07:48:05,076 [INFO] IPUIPlugin:80 - create IPUIPlugin
2025-04-03 07:48:05,077 [INFO] PluginManager:220 - loadIPPluginJar : add linkedlist
2025-04-03 07:48:05,129 [INFO] IPUIPlugin:80 - create IPUIPlugin
2025-04-03 07:48:05,129 [INFO] PluginManager:220 - loadIPPluginJar : add lorawan
2025-04-03 07:48:05,183 [INFO] IPUIPlugin:80 - create IPUIPlugin
2025-04-03 07:48:05,183 [INFO] PluginManager:220 - loadIPPluginJar : add ltdc
2025-04-03 07:48:05,209 [INFO] IPUIPlugin:80 - create IPUIPlugin
2025-04-03 07:48:05,209 [INFO] PluginManager:220 - loadIPPluginJar : add mdma
2025-04-03 07:48:05,230 [INFO] IPUIPlugin:80 - create IPUIPlugin
2025-04-03 07:48:05,230 [INFO] PluginManager:220 - loadIPPluginJar : add nvic
2025-04-03 07:48:05,283 [INFO] IPUIPlugin:80 - create IPUIPlugin
2025-04-03 07:48:05,284 [INFO] PluginManager:220 - loadIPPluginJar : add opamp
2025-04-03 07:48:05,346 [INFO] ThirdPartyUpdaterWithRetryManager:70 - Updater plugin not ready yet. [2/15]
2025-04-03 07:48:05,373 [INFO] IPUIPlugin:80 - create IPUIPlugin
2025-04-03 07:48:05,373 [INFO] PluginManager:220 - loadIPPluginJar : add openamp
2025-04-03 07:48:05,438 [INFO] IPUIPlugin:80 - create IPUIPlugin
2025-04-03 07:48:05,438 [INFO] PluginManager:220 - loadIPPluginJar : add pdm2pcm
2025-04-03 07:48:05,465 [INFO] IPUIPlugin:80 - create IPUIPlugin
2025-04-03 07:48:05,468 [INFO] PluginManager:220 - loadIPPluginJar : add plateformsettings
2025-04-03 07:48:05,503 [INFO] IPUIPlugin:80 - create IPUIPlugin
2025-04-03 07:48:05,503 [INFO] PluginManager:220 - loadIPPluginJar : add quadspi
2025-04-03 07:48:05,545 [INFO] IPUIPlugin:80 - create IPUIPlugin
2025-04-03 07:48:05,545 [INFO] PluginManager:220 - loadIPPluginJar : add radio
2025-04-03 07:48:05,569 [INFO] IPUIPlugin:80 - create IPUIPlugin
2025-04-03 07:48:05,569 [INFO] PluginManager:220 - loadIPPluginJar : add resmgrutility
2025-04-03 07:48:05,667 [INFO] IPUIPlugin:80 - create IPUIPlugin
2025-04-03 07:48:05,667 [INFO] PluginManager:220 - loadIPPluginJar : add sai
2025-04-03 07:48:05,724 [INFO] IPUIPlugin:80 - create IPUIPlugin
2025-04-03 07:48:05,725 [INFO] PluginManager:220 - loadIPPluginJar : add spi
2025-04-03 07:48:05,844 [INFO] IPUIPlugin:80 - create IPUIPlugin
2025-04-03 07:48:05,845 [INFO] PluginManager:220 - loadIPPluginJar : add stm32_wpan
2025-04-03 07:48:05,890 [INFO] IPUIPlugin:80 - create IPUIPlugin
2025-04-03 07:48:05,890 [INFO] PluginManager:220 - loadIPPluginJar : add tim
2025-04-03 07:48:05,981 [INFO] IPUIPlugin:80 - create IPUIPlugin
2025-04-03 07:48:05,981 [INFO] PluginManager:220 - loadIPPluginJar : add touchsensing
2025-04-03 07:48:06,018 [INFO] IPUIPlugin:80 - create IPUIPlugin
2025-04-03 07:48:06,018 [INFO] PluginManager:220 - loadIPPluginJar : add tracer_emb
2025-04-03 07:48:06,054 [INFO] IPUIPlugin:80 - create IPUIPlugin
2025-04-03 07:48:06,054 [INFO] PluginManager:220 - loadIPPluginJar : add ts
2025-04-03 07:48:06,090 [INFO] IPUIPlugin:80 - create IPUIPlugin
2025-04-03 07:48:06,090 [INFO] PluginManager:220 - loadIPPluginJar : add tsc
2025-04-03 07:48:06,124 [INFO] IPUIPlugin:80 - create IPUIPlugin
2025-04-03 07:48:06,124 [INFO] PluginManager:220 - loadIPPluginJar : add ucpd
2025-04-03 07:48:06,188 [INFO] IPUIPlugin:80 - create IPUIPlugin
2025-04-03 07:48:06,188 [INFO] PluginManager:220 - loadIPPluginJar : add usart
2025-04-03 07:48:06,261 [INFO] IPUIPlugin:80 - create IPUIPlugin
2025-04-03 07:48:06,262 [INFO] PluginManager:220 - loadIPPluginJar : add usbx
2025-04-03 07:48:06,412 [FATAL] Updater:351 - Updater called before beeing initialized
2025-04-03 07:48:06,457 [INFO] RulesReader:64 - Compatibility file has been processed (301 Rules)
2025-04-03 07:48:06,471 [INFO] RulesReader:64 - Compatibility file has been processed (301 Rules)
2025-04-03 07:48:06,481 [INFO] CADModel:165 - CPN selected for project level
2025-04-03 07:48:06,481 [INFO] CADModel:114 - Register for checkConnection events
2025-04-03 07:48:06,482 [FATAL] Updater:351 - Updater called before beeing initialized
2025-04-03 07:48:06,482 [ERROR] CADModel:125 - Updater not yet initialized, retry later 
2025-04-03 07:48:06,676 [FATAL] Updater:351 - Updater called before beeing initialized
2025-04-03 07:48:06,679 [INFO] CADModel:165 - CPN selected for project level
2025-04-03 07:48:06,679 [INFO] CADModel:114 - Register for checkConnection events
2025-04-03 07:48:06,679 [FATAL] Updater:351 - Updater called before beeing initialized
2025-04-03 07:48:06,679 [ERROR] CADModel:125 - Updater not yet initialized, retry later 
2025-04-03 07:48:06,684 [FATAL] Updater:351 - Updater called before beeing initialized
2025-04-03 07:48:06,830 [FATAL] Updater:351 - Updater called before beeing initialized
2025-04-03 07:48:06,846 [INFO] DbMcusAds:53 - JSON generation date=Thu Mar 06 21:54:21 ICT 2025 (1741272861825)
2025-04-03 07:48:06,846 [FATAL] Updater:351 - Updater called before beeing initialized
2025-04-03 07:48:06,978 [WARN] DetailPanel:346 - Failed to get advertising image, set to default
2025-04-03 07:48:07,305 [FATAL] Updater:351 - Updater called before beeing initialized
2025-04-03 07:48:07,308 [FATAL] Updater:351 - Updater called before beeing initialized
2025-04-03 07:48:07,308 [FATAL] Updater:351 - Updater called before beeing initialized
2025-04-03 07:48:07,308 [WARN] DetailPanel:346 - Failed to get advertising image, set to default
2025-04-03 07:48:07,309 [FATAL] Updater:351 - Updater called before beeing initialized
2025-04-03 07:48:07,396 [ERROR] Updater:1198 - MainUpdater not yet initialized. External WinMGr cannot be set.
2025-04-03 07:48:07,410 [INFO] Updater:1134 - Updater Version found : 6.14.0
2025-04-03 07:48:07,435 [INFO] ApplicationProperties:184 - Using Application install path: D:\ST\STM32CubeIDE_1.18.0\STM32CubeIDE\plugins\com.st.stm32cube.common.mx_6.14.0.202502271554
2025-04-03 07:48:08,348 [INFO] ThirdPartyUpdaterWithRetryManager:70 - Updater plugin not ready yet. [3/15]
2025-04-03 07:48:09,014 [ERROR] LogOutputStream:75 - [STDERR_REDIRECT] Apr 03, 2025 7:48:09 AM java.util.prefs.WindowsPreferences <init>
2025-04-03 07:48:09,017 [ERROR] LogOutputStream:75 - [STDERR_REDIRECT] WARNING: Could not open/create prefs root node Software\JavaSoft\Prefs at root 0xffffffff80000002. Windows RegCreateKeyEx(...) returned error code 5.
2025-04-03 07:48:09,017 [ERROR] LogOutputStream:75 - [STDERR_REDIRECT] 
2025-04-03 07:48:09,084 [INFO] MainUpdater:525 - Copy updater definitions from MX database
2025-04-03 07:48:09,141 [INFO] MainUpdater:558 - Copy flag file definitions from MX database
2025-04-03 07:48:09,145 [INFO] MainUpdater:574 - Copy thirdparty index definitions from MX database
2025-04-03 07:48:09,147 [INFO] MainUpdater:593 - Copy default thirdparty db definitions from MX database
2025-04-03 07:48:09,403 [INFO] MainUpdater:2872 - connection check result : 10
2025-04-03 07:48:09,403 [INFO] MainUpdater:3566 - Updater definition file requires update
2025-04-03 07:48:09,404 [INFO] MainUpdater:289 - Updater Check For Update Now.
2025-04-03 07:48:09,405 [INFO] MicroXplorer:498 - Change Database Version : DB.6.0.140
2025-04-03 07:48:09,437 [INFO] McuFinderGlobals:63 - Set McuFinder mode to 2 (CubeIDE integrated)
2025-04-03 07:48:09,438 [INFO] UserAuth:171 - activating auth plugin
2025-04-03 07:48:09,442 [INFO] UserAuth:486 - Internet connection configuration mode: 1
2025-04-03 07:48:09,455 [INFO] ServerAccessManage:473 - Download File updaters.zip
2025-04-03 07:48:09,505 [INFO] JxBrowserEngine:152 - Initiate JxBrowser Engine with user profile folder
2025-04-03 07:48:09,594 [INFO] FileExtend:242 - Unzip File : updaters.zip
2025-04-03 07:48:09,595 [INFO] FileExtend:257 - Standard Zip Deflate
2025-04-03 07:48:10,451 [INFO] ServerAccessManage:473 - Download File PacksControlFlags.xml
2025-04-03 07:48:10,610 [INFO] ServerAccessManage:473 - Download File cubemx.pidx
2025-04-03 07:48:10,956 [INFO] ServerAccessManage:473 - Download File STMicroelectronics.FP-ATR-ASTRA1.pdsc
2025-04-03 07:48:11,350 [WARN] MainUpdater:1193 - Updater busy. Cannot search thirdparties
2025-04-03 07:48:11,350 [INFO] ThirdPartyUpdaterWithRetryManager:96 - Updater plugin is busy. [1/15]
2025-04-03 07:48:11,422 [INFO] ServerAccessManage:473 - Download File STMicroelectronics.FP-ATR-SIGFOX1.pdsc
2025-04-03 07:48:11,538 [INFO] ServerAccessManage:473 - Download File STMicroelectronics.FP-SNS-STBOX1.pdsc
2025-04-03 07:48:11,962 [INFO] ServerAccessManage:473 - Download File STMicroelectronics.FP-SNS-FLIGHT1.pdsc
2025-04-03 07:48:12,406 [INFO] ServerAccessManage:473 - Download File STMicroelectronics.FP-SNS-MOTENV1.pdsc
2025-04-03 07:48:12,610 [INFO] WebApp:169 - Instantiating new browser for Auth
2025-04-03 07:48:12,793 [INFO] ServerAccessManage:473 - Download File STMicroelectronics.FP-SNS-MOTENVWB1.pdsc
2025-04-03 07:48:13,205 [INFO] ServerAccessManage:473 - Download File STMicroelectronics.FP-SNS-SMARTAG2.pdsc
2025-04-03 07:48:13,399 [INFO] ServerAccessManage:473 - Download File STMicroelectronics.X-CUBE-AI.pdsc
2025-04-03 07:48:13,769 [INFO] WebApp:463 - Apply proxy settings
2025-04-03 07:48:13,769 [INFO] WebApp:548 - Chromium requires no authentication
2025-04-03 07:48:13,800 [INFO] WebApp:491 - Direct internet connection detected
2025-04-03 07:48:13,871 [INFO] WebApp:894 - Register for checkConnection events
2025-04-03 07:48:13,871 [INFO] WebApp:463 - Apply proxy settings
2025-04-03 07:48:13,871 [INFO] WebApp:548 - Chromium requires no authentication
2025-04-03 07:48:13,872 [INFO] WebApp:491 - Direct internet connection detected
2025-04-03 07:48:14,133 [INFO] WebApp:191 - Connection restablished
2025-04-03 07:48:14,264 [INFO] WebApp:225 - Starting web application
2025-04-03 07:48:14,264 [INFO] WebApp:593 - Web application path used D:\ST\STM32CubeIDE_1.18.0\STM32CubeIDE\plugins\com.st.stm32cube.common.mx_6.14.0.202502271554\db\plugins\mcufinder\reactClient1\index.html
2025-04-03 07:48:14,352 [WARN] MainUpdater:1193 - Updater busy. Cannot search thirdparties
2025-04-03 07:48:14,352 [INFO] ThirdPartyUpdaterWithRetryManager:96 - Updater plugin is busy. [2/15]
2025-04-03 07:48:14,838 [INFO] ServerAccessManage:473 - Download File STMicroelectronics.X-CUBE-ALS.pdsc
2025-04-03 07:48:15,172 [INFO] ServerAccessManage:473 - Download File STMicroelectronics.X-CUBE-BLE1.pdsc
2025-04-03 07:48:17,136 [ERROR] ServerAccessManage:1089 - Problem, file not found on Server
2025-04-03 07:48:17,210 [INFO] ServerAccessManage:473 - Download File STMicroelectronics.X-CUBE-BLE2.pdsc
2025-04-03 07:48:17,352 [WARN] MainUpdater:1193 - Updater busy. Cannot search thirdparties
2025-04-03 07:48:17,352 [INFO] ThirdPartyUpdaterWithRetryManager:96 - Updater plugin is busy. [3/15]
2025-04-03 07:48:18,057 [INFO] ServerAccessManage:473 - Download File STMicroelectronics.X-CUBE-BLEMGR.pdsc
2025-04-03 07:48:19,030 [ERROR] ServerAccessManage:1089 - Problem, file not found on Server
2025-04-03 07:48:19,635 [INFO] ServerAccessManage:473 - Download File STMicroelectronics.X-CUBE-DISPLAY.pdsc
2025-04-03 07:48:20,148 [INFO] ServerAccessManage:473 - Download File STMicroelectronics.X-CUBE-DPOWER.pdsc
2025-04-03 07:48:20,354 [WARN] MainUpdater:1193 - Updater busy. Cannot search thirdparties
2025-04-03 07:48:20,354 [INFO] ThirdPartyUpdaterWithRetryManager:96 - Updater plugin is busy. [4/15]
2025-04-03 07:48:20,571 [ERROR] ServerAccessManage:1089 - Problem, file not found on Server
2025-04-03 07:48:21,432 [ERROR] ServerAccessManage:1089 - Problem, file not found on Server
2025-04-03 07:48:22,307 [ERROR] ServerAccessManage:1089 - Problem, file not found on Server
2025-04-03 07:48:23,186 [ERROR] ServerAccessManage:1089 - Problem, file not found on Server
2025-04-03 07:48:23,356 [WARN] MainUpdater:1193 - Updater busy. Cannot search thirdparties
2025-04-03 07:48:23,356 [INFO] ThirdPartyUpdaterWithRetryManager:96 - Updater plugin is busy. [5/15]
2025-04-03 07:48:23,530 [ERROR] ServerAccessManage:1089 - Problem, file not found on Server
2025-04-03 07:48:24,386 [ERROR] ServerAccessManage:1089 - Problem, file not found on Server
2025-04-03 07:48:24,740 [ERROR] ServerAccessManage:1089 - Problem, file not found on Server
2025-04-03 07:48:25,101 [ERROR] ServerAccessManage:1089 - Problem, file not found on Server
2025-04-03 07:48:25,451 [ERROR] ServerAccessManage:1089 - Problem, file not found on Server
2025-04-03 07:48:25,527 [ERROR] ServerAccessManage:1089 - Problem, file not found on Server
2025-04-03 07:48:25,602 [ERROR] ServerAccessManage:1089 - Problem, file not found on Server
2025-04-03 07:48:25,695 [INFO] ServerAccessManage:473 - Download File STMicroelectronics.X-CUBE-EEPRMA1.pdsc
2025-04-03 07:48:25,891 [ERROR] ServerAccessManage:1089 - Problem, file not found on Server
2025-04-03 07:48:26,356 [WARN] MainUpdater:1193 - Updater busy. Cannot search thirdparties
2025-04-03 07:48:26,356 [INFO] ThirdPartyUpdaterWithRetryManager:96 - Updater plugin is busy. [6/15]
2025-04-03 07:48:26,942 [ERROR] ServerAccessManage:1089 - Problem, file not found on Server
2025-04-03 07:48:27,237 [INFO] ServerAccessManage:473 - Download File STMicroelectronics.X-CUBE-FREERTOS.pdsc
2025-04-03 07:48:27,728 [INFO] ServerAccessManage:473 - Download File STMicroelectronics.X-CUBE-GNSS1.pdsc
2025-04-03 07:48:28,543 [ERROR] ServerAccessManage:1089 - Problem, file not found on Server
2025-04-03 07:48:28,613 [ERROR] ServerAccessManage:1089 - Problem, file not found on Server
2025-04-03 07:48:28,840 [ERROR] ServerAccessManage:1089 - Problem, file not found on Server
2025-04-03 07:48:29,357 [WARN] MainUpdater:1193 - Updater busy. Cannot search thirdparties
2025-04-03 07:48:29,357 [INFO] ThirdPartyUpdaterWithRetryManager:96 - Updater plugin is busy. [7/15]
2025-04-03 07:48:29,708 [ERROR] ServerAccessManage:1089 - Problem, file not found on Server
2025-04-03 07:48:30,046 [ERROR] ServerAccessManage:1089 - Problem, file not found on Server
2025-04-03 07:48:30,386 [ERROR] ServerAccessManage:1089 - Problem, file not found on Server
2025-04-03 07:48:30,464 [INFO] ServerAccessManage:473 - Download File STMicroelectronics.X-CUBE-ISPU.pdsc
2025-04-03 07:48:30,985 [INFO] ServerAccessManage:473 - Download File STMicroelectronics.X-CUBE-IPS.pdsc
2025-04-03 07:48:31,253 [INFO] ServerAccessManage:473 - Download File STMicroelectronics.X-CUBE-MEMS1.pdsc
2025-04-03 07:48:32,358 [WARN] MainUpdater:1193 - Updater busy. Cannot search thirdparties
2025-04-03 07:48:32,359 [INFO] ThirdPartyUpdaterWithRetryManager:96 - Updater plugin is busy. [8/15]
2025-04-03 07:48:33,388 [INFO] ServerAccessManage:473 - Download File STMicroelectronics.X-CUBE-NFC4.pdsc
2025-04-03 07:48:34,405 [INFO] ServerAccessManage:473 - Download File STMicroelectronics.X-CUBE-NFC6.pdsc
2025-04-03 07:48:34,658 [INFO] ServerAccessManage:473 - Download File STMicroelectronics.X-CUBE-NFC7.pdsc
2025-04-03 07:48:34,909 [INFO] ServerAccessManage:473 - Download File STMicroelectronics.X-CUBE-NFC9.pdsc
2025-04-03 07:48:35,089 [INFO] ServerAccessManage:473 - Download File STMicroelectronics.X-CUBE-NFC10.pdsc
2025-04-03 07:48:35,276 [INFO] ServerAccessManage:473 - Download File STMicroelectronics.X-CUBE-SFXS2LP1.pdsc
2025-04-03 07:48:35,359 [WARN] MainUpdater:1193 - Updater busy. Cannot search thirdparties
2025-04-03 07:48:35,359 [INFO] ThirdPartyUpdaterWithRetryManager:96 - Updater plugin is busy. [9/15]
2025-04-03 07:48:35,705 [INFO] ServerAccessManage:473 - Download File STMicroelectronics.X-CUBE-SAFEA1.pdsc
2025-04-03 07:48:35,890 [INFO] ServerAccessManage:473 - Download File STMicroelectronics.X-CUBE-SUBG2.pdsc
2025-04-03 07:48:36,627 [INFO] ServerAccessManage:473 - Download File STMicroelectronics.X-CUBE-SMBUS.pdsc
2025-04-03 07:48:37,575 [ERROR] ServerAccessManage:1089 - Problem, file not found on Server
2025-04-03 07:48:37,665 [INFO] ServerAccessManage:473 - Download File STMicroelectronics.X-CUBE-TCPP.pdsc
2025-04-03 07:48:37,930 [INFO] ServerAccessManage:473 - Download File STMicroelectronics.X-CUBE-TOF1.pdsc
2025-04-03 07:48:38,360 [WARN] MainUpdater:1193 - Updater busy. Cannot search thirdparties
2025-04-03 07:48:38,360 [INFO] ThirdPartyUpdaterWithRetryManager:96 - Updater plugin is busy. [10/15]
2025-04-03 07:48:39,554 [ERROR] ServerAccessManage:1089 - Problem, file not found on Server
2025-04-03 07:48:39,689 [INFO] ServerAccessManage:473 - Download File STMicroelectronics.X-CUBE-TOUCHGFX.pdsc
2025-04-03 07:48:41,362 [WARN] MainUpdater:1193 - Updater busy. Cannot search thirdparties
2025-04-03 07:48:41,363 [INFO] ThirdPartyUpdaterWithRetryManager:96 - Updater plugin is busy. [11/15]
2025-04-03 07:48:41,613 [INFO] ServerAccessManage:473 - Download File STMicroelectronics.X-CUBE-ALGOBUILD.pdsc
2025-04-03 07:48:42,146 [INFO] ServerAccessManage:473 - Download File STMicroelectronics.X-CUBE-AZRTOS-H7.pdsc
2025-04-03 07:48:42,880 [INFO] ServerAccessManage:473 - Download File STMicroelectronics.X-CUBE-AZRTOS-H7RS.pdsc
2025-04-03 07:48:43,176 [INFO] ServerAccessManage:473 - Download File STMicroelectronics.X-CUBE-AZRTOS-F4.pdsc
2025-04-03 07:48:43,475 [INFO] ServerAccessManage:473 - Download File STMicroelectronics.X-CUBE-AZRTOS-F7.pdsc
2025-04-03 07:48:43,761 [INFO] ServerAccessManage:473 - Download File STMicroelectronics.X-CUBE-AZRTOS-L4.pdsc
2025-04-03 07:48:44,061 [INFO] ServerAccessManage:473 - Download File STMicroelectronics.X-CUBE-AZRTOS-L5.pdsc
2025-04-03 07:48:44,363 [WARN] MainUpdater:1193 - Updater busy. Cannot search thirdparties
2025-04-03 07:48:44,363 [INFO] ThirdPartyUpdaterWithRetryManager:96 - Updater plugin is busy. [12/15]
2025-04-03 07:48:44,426 [INFO] ServerAccessManage:473 - Download File STMicroelectronics.X-CUBE-AZRTOS-G0.pdsc
2025-04-03 07:48:44,712 [INFO] ServerAccessManage:473 - Download File STMicroelectronics.X-CUBE-AZRTOS-G4.pdsc
2025-04-03 07:48:45,017 [INFO] ServerAccessManage:473 - Download File STMicroelectronics.X-CUBE-AZRTOS-WB.pdsc
2025-04-03 07:48:45,299 [INFO] ServerAccessManage:473 - Download File STMicroelectronics.X-CUBE-AZRTOS-WL.pdsc
2025-04-03 07:48:45,567 [INFO] ServerAccessManage:473 - Download File STMicroelectronics.X-CUBE-WB05N.pdsc
2025-04-03 07:48:46,723 [INFO] ServerAccessManage:473 - Download File wolfSSL.I-CUBE-wolfSSL.pdsc
2025-04-03 07:48:47,365 [WARN] MainUpdater:1193 - Updater busy. Cannot search thirdparties
2025-04-03 07:48:47,365 [INFO] ThirdPartyUpdaterWithRetryManager:96 - Updater plugin is busy. [13/15]
2025-04-03 07:48:50,365 [WARN] MainUpdater:1193 - Updater busy. Cannot search thirdparties
2025-04-03 07:48:50,365 [INFO] ThirdPartyUpdaterWithRetryManager:96 - Updater plugin is busy. [14/15]
2025-04-03 07:48:53,367 [WARN] MainUpdater:1193 - Updater busy. Cannot search thirdparties
2025-04-03 07:48:53,367 [INFO] ThirdPartyUpdaterWithRetryManager:96 - Updater plugin is busy. [15/15]
2025-04-03 07:48:53,367 [ERROR] IntegrityCheckThread:130 - Cannot retrieve database content from updater: error -1
2025-04-03 07:48:53,368 [INFO] ThirdParty:978 - Integrity check success = false
2025-04-03 07:48:53,368 [INFO] IntegrityCheckThread:100 - exiting critical section [integrity check]
2025-04-03 07:48:53,368 [INFO] IntegrityCheckThread:103 - End integrity checks thread
2025-04-03 07:48:55,694 [ERROR] ServerAccessManage:1089 - Problem, file not found on Server
2025-04-03 07:48:56,363 [ERROR] ServerAccessManage:1089 - Problem, file not found on Server
2025-04-03 07:48:56,999 [ERROR] ServerAccessManage:1089 - Problem, file not found on Server
2025-04-03 07:48:57,296 [INFO] ServerAccessManage:473 - Download File wolfSSL.I-CUBE-wolfMQTT.pdsc
2025-04-03 07:48:59,574 [ERROR] ServerAccessManage:1089 - Problem, file not found on Server
2025-04-03 07:48:59,869 [INFO] ServerAccessManage:473 - Download File wolfSSL.I-CUBE-wolfTPM.pdsc
2025-04-03 07:49:02,628 [INFO] ServerAccessManage:473 - Download File wolfSSL.I-CUBE-wolfSSH.pdsc
2025-04-03 07:49:05,364 [INFO] ServerAccessManage:473 - Download File RealThread.X-CUBE-RT-Thread_Nano.pdsc
2025-04-03 07:49:07,095 [INFO] ServerAccessManage:473 - Download File SEGGER.I-CUBE-embOS.pdsc
2025-04-03 07:49:10,785 [INFO] ServerAccessManage:473 - Download File portGmbH.I-Cube-SoM-uGOAL.pdsc
2025-04-03 07:49:13,908 [ERROR] ServerAccessManage:1089 - Problem, file not found on Server
2025-04-03 07:49:14,225 [ERROR] ServerAccessManage:1089 - Problem, file not found on Server
2025-04-03 07:49:14,543 [ERROR] ServerAccessManage:1089 - Problem, file not found on Server
2025-04-03 07:49:16,146 [INFO] ServerAccessManage:473 - Download File emotas.I-CUBE-CANOPEN.pdsc
2025-04-03 07:49:18,339 [INFO] ServerAccessManage:473 - Download File WES.I-CUBE-Cesium.pdsc
2025-04-03 07:49:19,143 [ERROR] ServerAccessManage:1089 - Problem, file not found on Server
2025-04-03 07:49:19,474 [ERROR] ServerAccessManage:1089 - Problem, file not found on Server
2025-04-03 07:49:20,554 [INFO] ServerAccessManage:473 - Download File ITTIA_DB.I-CUBE-ITTIADB.pdsc
2025-04-03 07:49:26,434 [INFO] ServerAccessManage:473 - Download File Infineon.AIROC-Wi-Fi-Bluetooth-STM32.pdsc
2025-04-03 07:49:35,170 [INFO] ServerAccessManage:473 - Download File Cesanta.I-CUBE-Mongoose.pdsc
2025-04-03 07:49:40,214 [INFO] ServerAccessManage:473 - Download File EmbeddedOffice.I-CUBE-FS-RTOS.pdsc
2025-04-03 07:49:41,998 [INFO] ServerAccessManage:473 - Download File quantropi.X-CUBE-qispace-sdk-base.pdsc
2025-04-03 07:49:42,652 [WARN] PackLoader:240 - Cannot read IP mode file for STMicroelectronics.FP-ATR-ASTRA1.2.0.2
2025-04-03 07:49:42,656 [WARN] CheckServerUpdateThread:151 - Open CheckUpdateFile Fail
2025-04-03 07:49:42,664 [WARN] PackLoader:240 - Cannot read IP mode file for STMicroelectronics.FP-ATR-SIGFOX1.3.2.0
2025-04-03 07:49:42,676 [WARN] PackLoader:240 - Cannot read IP mode file for STMicroelectronics.FP-SNS-STBOX1.2.0.0
2025-04-03 07:49:42,691 [WARN] PackLoader:240 - Cannot read IP mode file for STMicroelectronics.FP-SNS-FLIGHT1.5.1.0
2025-04-03 07:49:42,698 [WARN] PackLoader:240 - Cannot read IP mode file for STMicroelectronics.FP-SNS-MOTENV1.5.0.0
2025-04-03 07:49:42,708 [WARN] PackLoader:240 - Cannot read IP mode file for STMicroelectronics.FP-SNS-MOTENVWB1.1.4.0
2025-04-03 07:49:42,716 [WARN] PackLoader:240 - Cannot read IP mode file for STMicroelectronics.FP-SNS-SMARTAG2.1.2.0
2025-04-03 07:49:42,723 [WARN] PackLoader:240 - Cannot read IP mode file for STMicroelectronics.X-CUBE-AI.10.0.0
2025-04-03 07:49:42,731 [WARN] PackLoader:240 - Cannot read IP mode file for STMicroelectronics.X-CUBE-ALS.1.0.2
2025-04-03 07:49:42,742 [WARN] PackLoader:240 - Cannot read IP mode file for STMicroelectronics.X-CUBE-BLE1.7.1.0
2025-04-03 07:49:42,750 [WARN] PackLoader:240 - Cannot read IP mode file for STMicroelectronics.X-CUBE-BLE2.3.3.0
2025-04-03 07:49:42,764 [WARN] PackLoader:240 - Cannot read IP mode file for STMicroelectronics.X-CUBE-BLEMGR.4.0.0
2025-04-03 07:49:42,779 [WARN] PackLoader:240 - Cannot read IP mode file for STMicroelectronics.X-CUBE-DISPLAY.3.0.0
2025-04-03 07:49:42,790 [WARN] PackLoader:240 - Cannot read IP mode file for STMicroelectronics.X-CUBE-DPower.1.3.0
2025-04-03 07:49:42,792 [INFO] CheckServerUpdateThread:120 - End of CheckServer Thread
2025-04-03 07:49:42,800 [WARN] PackLoader:240 - Cannot read IP mode file for STMicroelectronics.X-CUBE-EEPRMA1.5.1.0
2025-04-03 07:49:42,809 [WARN] PackLoader:240 - Cannot read IP mode file for STMicroelectronics.X-CUBE-FREERTOS.1.3.0
2025-04-03 07:49:42,814 [WARN] PackLoader:240 - Cannot read IP mode file for STMicroelectronics.X-CUBE-GNSS1.7.0.1
2025-04-03 07:49:42,820 [WARN] PackLoader:240 - Cannot read IP mode file for STMicroelectronics.X-CUBE-ISPU.2.1.0
2025-04-03 07:49:42,837 [WARN] PackLoader:240 - Cannot read IP mode file for STMicroelectronics.X-CUBE-IPS.3.1.0
2025-04-03 07:49:42,909 [WARN] PackLoader:240 - Cannot read IP mode file for STMicroelectronics.X-CUBE-MEMS1.11.1.0
2025-04-03 07:49:43,042 [WARN] PackLoader:240 - Cannot read IP mode file for STMicroelectronics.X-CUBE-NFC4.3.0.0
2025-04-03 07:49:43,051 [WARN] PackLoader:240 - Cannot read IP mode file for STMicroelectronics.X-CUBE-NFC6.3.1.0
2025-04-03 07:49:43,058 [WARN] PackLoader:240 - Cannot read IP mode file for STMicroelectronics.X-CUBE-NFC7.1.0.1
2025-04-03 07:49:43,065 [WARN] PackLoader:240 - Cannot read IP mode file for STMicroelectronics.X-CUBE-NFC9.1.0.0
2025-04-03 07:49:43,072 [WARN] PackLoader:240 - Cannot read IP mode file for STMicroelectronics.X-CUBE-NFC10.1.0.0
2025-04-03 07:49:43,080 [WARN] PackLoader:240 - Cannot read IP mode file for STMicroelectronics.X-CUBE-SFXS2LP1.4.0.0
2025-04-03 07:49:43,087 [WARN] PackLoader:240 - Cannot read IP mode file for STMicroelectronics.X-CUBE-SAFEA1.1.2.2
2025-04-03 07:49:43,097 [WARN] PackLoader:240 - Cannot read IP mode file for STMicroelectronics.X-CUBE-SUBG2.5.0.0
2025-04-03 07:49:43,105 [WARN] PackLoader:240 - Cannot read IP mode file for STMicroelectronics.X-CUBE-SMBUS.2.1.0
2025-04-03 07:49:43,111 [WARN] PackLoader:240 - Cannot read IP mode file for STMicroelectronics.X-CUBE-TCPP.4.2.0
2025-04-03 07:49:43,121 [WARN] PackLoader:240 - Cannot read IP mode file for STMicroelectronics.X-CUBE-TOF1.3.4.2
2025-04-03 07:49:43,134 [WARN] PackLoader:240 - Cannot read IP mode file for STMicroelectronics.X-CUBE-TOUCHGFX.4.25.0
2025-04-03 07:49:43,140 [WARN] PackLoader:240 - Cannot read IP mode file for STMicroelectronics.X-CUBE-ALGOBUILD.1.4.0
2025-04-03 07:49:43,157 [WARN] PackLoader:240 - Cannot read IP mode file for STMicroelectronics.X-CUBE-AZRTOS-H7.3.3.0
2025-04-03 07:49:43,175 [WARN] PackLoader:240 - Cannot read IP mode file for STMicroelectronics.X-CUBE-AZRTOS-H7RS.1.1.0
2025-04-03 07:49:43,190 [WARN] PackLoader:240 - Cannot read IP mode file for STMicroelectronics.X-CUBE-AZRTOS-F4.1.1.0
2025-04-03 07:49:43,205 [WARN] PackLoader:240 - Cannot read IP mode file for STMicroelectronics.X-CUBE-AZRTOS-F7.1.1.0
2025-04-03 07:49:43,221 [WARN] ConditionMgr:438 - getConditionDescription Invalid condition id : LAN8742 Phy interface Condition cause : null
2025-04-03 07:49:43,222 [WARN] PackLoader:240 - Cannot read IP mode file for STMicroelectronics.X-CUBE-AZRTOS-L4.2.0.0
2025-04-03 07:49:43,223 [WARN] ConditionMgr:1044 - genDependencies : Invalid condition id : LAN8742 Phy interface Condition cause : null
2025-04-03 07:49:43,223 [WARN] ConditionMgr:1044 - genDependencies : Invalid condition id : LAN8742 Phy interface Condition cause : null
2025-04-03 07:49:43,223 [WARN] ConditionMgr:1044 - genDependencies : Invalid condition id : LAN8742 Phy interface Condition cause : null
2025-04-03 07:49:43,237 [WARN] PackLoader:240 - Cannot read IP mode file for STMicroelectronics.X-CUBE-AZRTOS-L5.2.0.0
2025-04-03 07:49:43,250 [WARN] PackLoader:240 - Cannot read IP mode file for STMicroelectronics.X-CUBE-AZRTOS-G0.1.1.0
2025-04-03 07:49:43,264 [WARN] PackLoader:240 - Cannot read IP mode file for STMicroelectronics.X-CUBE-AZRTOS-G4.2.0.0
2025-04-03 07:49:43,275 [WARN] ConditionMgr:438 - getConditionDescription Invalid condition id : UX DEVICE CLASS RTOS Condition cause : null
2025-04-03 07:49:43,275 [WARN] ConditionMgr:438 - getConditionDescription Invalid condition id : UX DEVICE CLASS RTOS Condition cause : null
2025-04-03 07:49:43,277 [WARN] PackLoader:240 - Cannot read IP mode file for STMicroelectronics.X-CUBE-AZRTOS-WB.2.0.0
2025-04-03 07:49:43,278 [WARN] ConditionMgr:1044 - genDependencies : Invalid condition id : UX DEVICE CLASS RTOS Condition cause : null
2025-04-03 07:49:43,278 [WARN] ConditionMgr:1044 - genDependencies : Invalid condition id : UX DEVICE CLASS RTOS Condition cause : null
2025-04-03 07:49:43,278 [WARN] ConditionMgr:1044 - genDependencies : Invalid condition id : UX DEVICE CLASS RTOS Condition cause : null
2025-04-03 07:49:43,278 [WARN] ConditionMgr:1044 - genDependencies : Invalid condition id : UX DEVICE CLASS RTOS Condition cause : null
2025-04-03 07:49:43,278 [WARN] ConditionMgr:1044 - genDependencies : Invalid condition id : UX DEVICE CLASS RTOS Condition cause : null
2025-04-03 07:49:43,288 [INFO] LogOutputStream:77 - [STDOUT_REDIRECT] 1 : Invalid condition id : UX_CORESTACK_Condition cause : null
2025-04-03 07:49:43,290 [INFO] LogOutputStream:77 - [STDOUT_REDIRECT] 1 : Invalid condition id : UX_CORESTACK_Condition cause : null
2025-04-03 07:49:43,291 [INFO] LogOutputStream:77 - [STDOUT_REDIRECT] 1 : Invalid condition id : UX_CORESTACK_Condition cause : null
2025-04-03 07:49:43,294 [INFO] LogOutputStream:77 - [STDOUT_REDIRECT] 1 : Invalid condition id : UX_CORESTACK_Condition cause : null
2025-04-03 07:49:43,296 [INFO] LogOutputStream:77 - [STDOUT_REDIRECT] 1 : Invalid condition id : UX_CORESTACK_Condition cause : null
2025-04-03 07:49:43,299 [WARN] PackLoader:240 - Cannot read IP mode file for STMicroelectronics.X-CUBE-AZRTOS-WL.2.0.0
2025-04-03 07:49:43,305 [WARN] PackLoader:240 - Cannot read IP mode file for STMicroelectronics.X-CUBE-WB05N.1.1.0
2025-04-03 07:49:43,312 [WARN] PackLoader:240 - Cannot read IP mode file for wolfSSL.I-CUBE-wolfSSL.5.7.6
2025-04-03 07:49:43,315 [WARN] PackLoader:240 - Cannot read IP mode file for wolfSSL.I-CUBE-wolfMQTT.1.19.2
2025-04-03 07:49:43,319 [WARN] PackLoader:240 - Cannot read IP mode file for wolfSSL.I-CUBE-wolfTPM.3.8.0
2025-04-03 07:49:43,322 [WARN] PackLoader:240 - Cannot read IP mode file for wolfSSL.I-CUBE-wolfSSH.1.4.20
2025-04-03 07:49:43,327 [WARN] PackLoader:240 - Cannot read IP mode file for RealThread.X-CUBE-RT-Thread_Nano.4.1.1
2025-04-03 07:49:43,351 [WARN] PackLoader:240 - Cannot read IP mode file for SEGGER.I-CUBE-embOS.1.3.1
2025-04-03 07:49:43,420 [WARN] PackLoader:240 - Cannot read IP mode file for portGmbH.I-Cube-SoM-uGOAL.1.1.0
2025-04-03 07:49:43,426 [WARN] PackLoader:240 - Cannot read IP mode file for emotas.I-CUBE-CANOPEN.1.3.0
2025-04-03 07:49:43,435 [WARN] PackLoader:240 - Cannot read IP mode file for WES.I-CUBE-Cesium.1.3.0
2025-04-03 07:49:43,441 [WARN] PackLoader:240 - Cannot read IP mode file for ITTIA_DB.I-CUBE-ITTIADB.8.9.0
2025-04-03 07:49:43,461 [WARN] PackLoader:240 - Cannot read IP mode file for Infineon.AIROC-Wi-Fi-Bluetooth-STM32.1.7.0
2025-04-03 07:49:43,468 [WARN] PackLoader:240 - Cannot read IP mode file for Cesanta.I-CUBE-Mongoose.7.13.0
2025-04-03 07:49:43,479 [WARN] PackLoader:240 - Cannot read IP mode file for EmbeddedOffice.I-CUBE-FS-RTOS.1.0.1
2025-04-03 07:49:43,485 [WARN] ConditionMgr:438 - getConditionDescription Invalid condition id : Cortex-A Device cause : null
2025-04-03 07:49:43,516 [WARN] ConditionMgr:1044 - genDependencies : Invalid condition id : Cortex-A Device cause : null
2025-04-03 07:49:43,517 [WARN] ConditionMgr:1044 - genDependencies : Invalid condition id : Cortex-A Device cause : null
2025-04-03 07:49:43,517 [WARN] ConditionMgr:1044 - genDependencies : Invalid condition id : Cortex-A Device cause : null
2025-04-03 07:49:43,517 [INFO] PopulateThirdPartyThread:66 - Ending populate Thread
2025-04-03 07:49:43,520 [INFO] ThirdParty:1030 - CMSIS Pack Vendor :STMicroelectronics X-CUBE-AZRTOS-H7 3.3.0
2025-04-03 07:49:43,520 [INFO] ThirdParty:1030 - CMSIS Pack Vendor :STMicroelectronics X-CUBE-NFC9 1.0.0
2025-04-03 07:49:43,520 [INFO] ThirdParty:1030 - CMSIS Pack Vendor :STMicroelectronics FP-SNS-MOTENVWB1 1.4.0
2025-04-03 07:49:43,520 [INFO] ThirdParty:1030 - CMSIS Pack Vendor :STMicroelectronics X-CUBE-AZRTOS-F4 1.1.0
2025-04-03 07:49:43,521 [INFO] ThirdParty:1030 - CMSIS Pack Vendor :STMicroelectronics FP-ATR-ASTRA1 2.0.2
2025-04-03 07:49:43,521 [INFO] ThirdParty:1030 - CMSIS Pack Vendor :STMicroelectronics X-CUBE-BLE1 7.1.0
2025-04-03 07:49:43,521 [INFO] ThirdParty:1030 - CMSIS Pack Vendor :STMicroelectronics X-CUBE-SMBUS 2.1.0
2025-04-03 07:49:43,521 [INFO] ThirdParty:1030 - CMSIS Pack Vendor :STMicroelectronics X-CUBE-WB05N 1.1.0
2025-04-03 07:49:43,521 [INFO] ThirdParty:1030 - CMSIS Pack Vendor :wolfSSL I-CUBE-wolfMQTT 1.19.2
2025-04-03 07:49:43,521 [INFO] ThirdParty:1030 - CMSIS Pack Vendor :STMicroelectronics X-CUBE-ISPU 2.1.0
2025-04-03 07:49:43,521 [INFO] ThirdParty:1030 - CMSIS Pack Vendor :STMicroelectronics X-CUBE-AZRTOS-WB 2.0.0
2025-04-03 07:49:43,521 [INFO] ThirdParty:1030 - CMSIS Pack Vendor :STMicroelectronics X-CUBE-GNSS1 7.0.1
2025-04-03 07:49:43,521 [INFO] ThirdParty:1030 - CMSIS Pack Vendor :STMicroelectronics X-CUBE-TOUCHGFX 4.25.0
2025-04-03 07:49:43,521 [INFO] ThirdParty:1030 - CMSIS Pack Vendor :STMicroelectronics X-CUBE-AZRTOS-F7 1.1.0
2025-04-03 07:49:43,521 [INFO] ThirdParty:1030 - CMSIS Pack Vendor :STMicroelectronics X-CUBE-AZRTOS-L5 2.0.0
2025-04-03 07:49:43,521 [INFO] ThirdParty:1030 - CMSIS Pack Vendor :STMicroelectronics X-CUBE-NFC6 3.1.0
2025-04-03 07:49:43,521 [INFO] ThirdParty:1030 - CMSIS Pack Vendor :STMicroelectronics FP-SNS-STBOX1 2.0.0
2025-04-03 07:49:43,521 [INFO] ThirdParty:1030 - CMSIS Pack Vendor :STMicroelectronics X-CUBE-AZRTOS-G0 1.1.0
2025-04-03 07:49:43,521 [INFO] ThirdParty:1030 - CMSIS Pack Vendor :STMicroelectronics X-CUBE-NFC4 3.0.0
2025-04-03 07:49:43,521 [INFO] ThirdParty:1030 - CMSIS Pack Vendor :STMicroelectronics X-CUBE-SAFEA1 1.2.2
2025-04-03 07:49:43,522 [INFO] ThirdParty:1030 - CMSIS Pack Vendor :STMicroelectronics X-CUBE-SUBG2 5.0.0
2025-04-03 07:49:43,522 [INFO] ThirdParty:1030 - CMSIS Pack Vendor :STMicroelectronics X-CUBE-AZRTOS-H7RS 1.1.0
2025-04-03 07:49:43,522 [INFO] ThirdParty:1030 - CMSIS Pack Vendor :EmbeddedOffice I-CUBE-FS-RTOS 1.0.1
2025-04-03 07:49:43,522 [INFO] ThirdParty:1030 - CMSIS Pack Vendor :Cesanta I-CUBE-Mongoose 7.13.0
2025-04-03 07:49:43,522 [INFO] ThirdParty:1030 - CMSIS Pack Vendor :Infineon AIROC-Wi-Fi-Bluetooth-STM32 1.7.0
2025-04-03 07:49:43,522 [INFO] ThirdParty:1030 - CMSIS Pack Vendor :STMicroelectronics X-CUBE-AZRTOS-G4 2.0.0
2025-04-03 07:49:43,522 [INFO] ThirdParty:1030 - CMSIS Pack Vendor :wolfSSL I-CUBE-wolfTPM 3.8.0
2025-04-03 07:49:43,522 [INFO] ThirdParty:1030 - CMSIS Pack Vendor :STMicroelectronics X-CUBE-DISPLAY 3.0.0
2025-04-03 07:49:43,522 [INFO] ThirdParty:1030 - CMSIS Pack Vendor :wolfSSL I-CUBE-wolfSSH 1.4.20
2025-04-03 07:49:43,522 [INFO] ThirdParty:1030 - CMSIS Pack Vendor :STMicroelectronics X-CUBE-TCPP 4.2.0
2025-04-03 07:49:43,522 [INFO] ThirdParty:1030 - CMSIS Pack Vendor :RealThread X-CUBE-RT-Thread_Nano 4.1.1
2025-04-03 07:49:43,522 [INFO] ThirdParty:1030 - CMSIS Pack Vendor :STMicroelectronics FP-ATR-SIGFOX1 3.2.0
2025-04-03 07:49:43,522 [INFO] ThirdParty:1030 - CMSIS Pack Vendor :STMicroelectronics X-CUBE-NFC10 1.0.0
2025-04-03 07:49:43,522 [INFO] ThirdParty:1030 - CMSIS Pack Vendor :STMicroelectronics X-CUBE-BLEMGR 4.0.0
2025-04-03 07:49:43,522 [INFO] ThirdParty:1030 - CMSIS Pack Vendor :STMicroelectronics X-CUBE-EEPRMA1 5.1.0
2025-04-03 07:49:43,522 [INFO] ThirdParty:1030 - CMSIS Pack Vendor :STMicroelectronics X-CUBE-ALS 1.0.2
2025-04-03 07:49:43,522 [INFO] ThirdParty:1030 - CMSIS Pack Vendor :STMicroelectronics X-CUBE-IPS 3.1.0
2025-04-03 07:49:43,523 [INFO] ThirdParty:1030 - CMSIS Pack Vendor :STMicroelectronics X-CUBE-FREERTOS 1.3.0
2025-04-03 07:49:43,523 [INFO] ThirdParty:1030 - CMSIS Pack Vendor :emotas I-CUBE-CANOPEN 1.3.0
2025-04-03 07:49:43,523 [INFO] ThirdParty:1030 - CMSIS Pack Vendor :STMicroelectronics X-CUBE-NFC7 1.0.1
2025-04-03 07:49:43,523 [INFO] ThirdParty:1030 - CMSIS Pack Vendor :wolfSSL I-CUBE-wolfSSL 5.7.6
2025-04-03 07:49:43,523 [INFO] ThirdParty:1030 - CMSIS Pack Vendor :ITTIA_DB I-CUBE-ITTIADB 8.9.0
2025-04-03 07:49:43,523 [INFO] ThirdParty:1030 - CMSIS Pack Vendor :portGmbH I-Cube-SoM-uGOAL 1.1.0
2025-04-03 07:49:43,523 [INFO] ThirdParty:1030 - CMSIS Pack Vendor :STMicroelectronics X-CUBE-AI 10.0.0
2025-04-03 07:49:43,523 [INFO] ThirdParty:1030 - CMSIS Pack Vendor :quantropi X-CUBE-qispace-sdk-base 2.0.0
2025-04-03 07:49:43,523 [INFO] ThirdParty:1030 - CMSIS Pack Vendor :STMicroelectronics FP-SNS-SMARTAG2 1.2.0
2025-04-03 07:49:43,523 [INFO] ThirdParty:1030 - CMSIS Pack Vendor :STMicroelectronics FP-SNS-FLIGHT1 5.1.0
2025-04-03 07:49:43,523 [INFO] ThirdParty:1030 - CMSIS Pack Vendor :STMicroelectronics X-CUBE-MEMS1 11.1.0
2025-04-03 07:49:43,523 [INFO] ThirdParty:1030 - CMSIS Pack Vendor :STMicroelectronics X-CUBE-AZRTOS-WL 2.0.0
2025-04-03 07:49:43,523 [INFO] ThirdParty:1030 - CMSIS Pack Vendor :SEGGER I-CUBE-embOS 1.3.1
2025-04-03 07:49:43,523 [INFO] ThirdParty:1030 - CMSIS Pack Vendor :STMicroelectronics X-CUBE-DPower 1.3.0
2025-04-03 07:49:43,523 [INFO] ThirdParty:1030 - CMSIS Pack Vendor :STMicroelectronics X-CUBE-ALGOBUILD 1.4.0
2025-04-03 07:49:43,523 [INFO] ThirdParty:1030 - CMSIS Pack Vendor :STMicroelectronics FP-SNS-MOTENV1 5.0.0
2025-04-03 07:49:43,523 [INFO] ThirdParty:1030 - CMSIS Pack Vendor :STMicroelectronics X-CUBE-AZRTOS-L4 2.0.0
2025-04-03 07:49:43,524 [INFO] ThirdParty:1030 - CMSIS Pack Vendor :WES I-CUBE-Cesium 1.3.0
2025-04-03 07:49:43,524 [INFO] ThirdParty:1030 - CMSIS Pack Vendor :STMicroelectronics X-CUBE-SFXS2LP1 4.0.0
2025-04-03 07:49:43,524 [INFO] ThirdParty:1030 - CMSIS Pack Vendor :STMicroelectronics X-CUBE-BLE2 3.3.0
2025-04-03 07:49:43,524 [INFO] ThirdParty:1030 - CMSIS Pack Vendor :STMicroelectronics X-CUBE-TOF1 3.4.2
2025-04-03 07:49:43,526 [INFO] LoadServerUpdatesThread:375 - End of LoadServerUpdate Thread
2025-04-03 08:57:11,827 [INFO] WebApp:194 - Connection lost
2025-04-03 08:57:11,966 [INFO] WebApp:191 - Connection restablished
2025-04-03 09:19:11,333 [ERROR] LogOutputStream:75 - [STDERR_REDIRECT] 
2025-04-03 09:19:11,334 [ERROR] LogOutputStream:75 - [STDERR_REDIRECT] 
2025-04-03 09:19:28,906 [INFO] Activator:176 - 


2025-04-03 09:19:28,908 [INFO] Activator:177 - !SESSION log4j initialized
2025-04-03 09:19:33,530 [INFO] LogOutputStream:77 - [STDOUT_REDIRECT] 
2025-04-03 09:19:34,852 [INFO] ApplicationProperties:184 - Using Application install path: D:\ST\STM32CubeIDE_1.18.0\STM32CubeIDE\plugins\com.st.stm32cube.common.mx_6.14.0.202502271554
2025-04-03 09:19:34,873 [INFO] DbMcusXml:78 - Set database path to: D:\ST\STM32CubeIDE_1.18.0\STM32CubeIDE\plugins\com.st.stm32cube.common.mx_6.14.0.202502271554\\db\/mcu/
2025-04-03 09:19:34,873 [INFO] ApiDb:274 - Set plugin database path to: D:\ST\STM32CubeIDE_1.18.0\STM32CubeIDE\plugins\com.st.stm32cube.common.mx_6.14.0.202502271554\\db\/plugins/boardmanager/
2025-04-03 09:19:34,874 [WARN] ApiDb:259 - Overriding images path with different value:  => D:\ST\STM32CubeIDE_1.18.0\STM32CubeIDE\plugins\com.st.stm32cube.common.mx_6.14.0.202502271554\\db\/plugins/mcufinder/images/
2025-04-03 09:19:34,878 [INFO] ApiDb:250 - Set database path to: C:\Users\Admin\.stmcufinder\plugins\mcufinder//mcu/
2025-04-03 09:19:34,879 [INFO] DbMcusAds:125 - Set database path to: C:\Users\Admin\.stmcufinder\plugins\mcufinder//mcu/
2025-04-03 09:19:35,790 [INFO] CrossReferenceDbSqlite:203 - Set database path to: C:\Users\Admin\.stmcufinder\plugins\mcufinder//mcu/cs/
2025-04-03 09:19:35,919 [INFO] RulesReader:64 - Compatibility file has been processed (301 Rules)
2025-04-03 09:19:35,990 [INFO] DbMcusXml:78 - Set database path to: D:\ST\STM32CubeIDE_1.18.0\STM32CubeIDE\plugins\com.st.stm32cube.common.mx_6.14.0.202502271554\\db\/mcu/
2025-04-03 09:19:35,990 [INFO] ApiDb:274 - Set plugin database path to: D:\ST\STM32CubeIDE_1.18.0\STM32CubeIDE\plugins\com.st.stm32cube.common.mx_6.14.0.202502271554\\db\/plugins/boardmanager/
2025-04-03 09:19:35,990 [INFO] ApiDb:261 - Set plugin images path to: D:\ST\STM32CubeIDE_1.18.0\STM32CubeIDE\plugins\com.st.stm32cube.common.mx_6.14.0.202502271554\\db\/plugins/mcufinder/images/
2025-04-03 09:19:35,990 [WARN] DbFile:41 - Overriding database path with different value: C:\Users\Admin\.stmcufinder\plugins\mcufinder/ => C:\Users\Admin\.stmcufinder\plugins\mcufinder
2025-04-03 09:19:35,990 [INFO] ApiDb:250 - Set database path to: C:\Users\Admin\.stmcufinder\plugins\mcufinder//mcu/
2025-04-03 09:19:35,990 [WARN] DbFile:41 - Overriding database path with different value: C:\Users\Admin\.stmcufinder\plugins\mcufinder/ => C:\Users\Admin\.stmcufinder\plugins\mcufinder
2025-04-03 09:19:35,990 [INFO] DbMcusAds:125 - Set database path to: C:\Users\Admin\.stmcufinder\plugins\mcufinder//mcu/
2025-04-03 09:19:35,990 [WARN] DbFile:41 - Overriding database path with different value: C:\Users\Admin\.stmcufinder\plugins\mcufinder/ => C:\Users\Admin\.stmcufinder\plugins\mcufinder
2025-04-03 09:19:35,991 [WARN] DbFile:41 - Overriding database path with different value: C:\Users\Admin\.stmcufinder\plugins\mcufinder/ => C:\Users\Admin\.stmcufinder\plugins\mcufinder
2025-04-03 09:19:36,790 [INFO] CrossReferenceDbSqlite:203 - Set database path to: C:\Users\Admin\.stmcufinder\plugins\mcufinder//mcu/cs/
2025-04-03 09:19:36,875 [INFO] MainPanel:272 - HeapMemory: 268435456
2025-04-03 09:19:36,981 [INFO] DbMcusXml:78 - Set database path to: D:\ST\STM32CubeIDE_1.18.0\STM32CubeIDE\plugins\com.st.stm32cube.common.mx_6.14.0.202502271554\\db\/mcu/
2025-04-03 09:19:36,982 [INFO] ApiDb:274 - Set plugin database path to: D:\ST\STM32CubeIDE_1.18.0\STM32CubeIDE\plugins\com.st.stm32cube.common.mx_6.14.0.202502271554\\db\/plugins/boardmanager/
2025-04-03 09:19:36,982 [INFO] ApiDb:261 - Set plugin images path to: D:\ST\STM32CubeIDE_1.18.0\STM32CubeIDE\plugins\com.st.stm32cube.common.mx_6.14.0.202502271554\\db\/plugins/mcufinder/images/
2025-04-03 09:19:36,982 [WARN] DbFile:41 - Overriding database path with different value: C:\Users\Admin\.stmcufinder\plugins\mcufinder/ => C:\Users\Admin\.stmcufinder\plugins\mcufinder
2025-04-03 09:19:36,982 [INFO] ApiDb:250 - Set database path to: C:\Users\Admin\.stmcufinder\plugins\mcufinder//mcu/
2025-04-03 09:19:36,982 [WARN] DbFile:41 - Overriding database path with different value: C:\Users\Admin\.stmcufinder\plugins\mcufinder/ => C:\Users\Admin\.stmcufinder\plugins\mcufinder
2025-04-03 09:19:36,982 [INFO] DbMcusAds:125 - Set database path to: C:\Users\Admin\.stmcufinder\plugins\mcufinder//mcu/
2025-04-03 09:19:36,982 [WARN] DbFile:41 - Overriding database path with different value: C:\Users\Admin\.stmcufinder\plugins\mcufinder/ => C:\Users\Admin\.stmcufinder\plugins\mcufinder
2025-04-03 09:19:36,982 [WARN] DbFile:41 - Overriding database path with different value: C:\Users\Admin\.stmcufinder\plugins\mcufinder/ => C:\Users\Admin\.stmcufinder\plugins\mcufinder
2025-04-03 09:19:37,790 [INFO] CrossReferenceDbSqlite:203 - Set database path to: C:\Users\Admin\.stmcufinder\plugins\mcufinder//mcu/cs/
2025-04-03 09:19:37,814 [INFO] ApplicationProperties:184 - Using Application install path: D:\ST\STM32CubeIDE_1.18.0\STM32CubeIDE\plugins\com.st.stm32cube.common.mx_6.14.0.202502271554
2025-04-03 09:19:37,815 [INFO] PluginManage:196 - Search for loadable plugins [exclusion list=, ]
2025-04-03 09:19:37,816 [INFO] PluginManage:310 - Check plugin analytics
2025-04-03 09:19:38,886 [INFO] AnalyticsPlugin:253 - Accepted Software Licenses: STM32CubeMX.6.14.0
2025-04-03 09:19:38,887 [INFO] AnalyticsPlugin:255 - Accepted CMSIS Pack Licenses: 
2025-04-03 09:19:38,887 [INFO] AnalyticsPlugin:257 - Accepted Firmware Licenses: 
2025-04-03 09:19:38,890 [INFO] PluginManage:359 - Loaded plugin analytics (category:tool,tabindex:-1)
2025-04-03 09:19:38,891 [INFO] PluginManage:310 - Check plugin cadmodel
2025-04-03 09:19:38,894 [INFO] CADModel:105 - Init CAD model plugin
2025-04-03 09:19:38,894 [INFO] PluginManage:359 - Loaded plugin cadmodel (category:power,tabindex:5)
2025-04-03 09:19:38,894 [INFO] PluginManage:310 - Check plugin clock
2025-04-03 09:19:38,904 [INFO] PluginManage:359 - Loaded plugin clock (category:base,tabindex:2)
2025-04-03 09:19:38,904 [INFO] PluginManage:310 - Check plugin ddr
2025-04-03 09:19:38,907 [INFO] PluginManage:359 - Loaded plugin ddr (category:tool,tabindex:6)
2025-04-03 09:19:38,907 [INFO] PluginManage:310 - Check plugin filemanager
2025-04-03 09:19:39,073 [INFO] PluginManage:359 - Loaded plugin filemanager (category:base,tabindex:10)
2025-04-03 09:19:39,074 [INFO] PluginManage:310 - Check plugin ipmanager
2025-04-03 09:19:39,081 [INFO] PluginManage:359 - Loaded plugin ipmanager (category:base,tabindex:5)
2025-04-03 09:19:39,081 [INFO] PluginManage:310 - Check plugin lpbam
2025-04-03 09:19:39,090 [INFO] PluginManage:359 - Loaded plugin lpbam (category:base,tabindex:0)
2025-04-03 09:19:39,090 [INFO] PluginManage:310 - Check plugin memorymap
2025-04-03 09:19:39,105 [INFO] PluginManage:359 - Loaded plugin memorymap (category:base,tabindex:4)
2025-04-03 09:19:39,105 [INFO] PluginManage:310 - Check plugin pinoutandconfiguration
2025-04-03 09:19:39,111 [INFO] PluginManage:359 - Loaded plugin pinoutandconfiguration (category:base,tabindex:1)
2025-04-03 09:19:39,112 [INFO] PluginManage:310 - Check plugin pinoutconfig
2025-04-03 09:19:39,193 [WARN] SupportedApi:132 - Cannot load RTOS API schema: s4s-elt-must-match.1: The content of 'definitions' must match (annotation?, (simpleType | complexType)?, (unique | key | keyref)*)). A problem was found starting at: attribute.
2025-04-03 09:19:39,312 [INFO] PluginManage:359 - Loaded plugin pinoutconfig (category:base,tabindex:0)
2025-04-03 09:19:39,312 [INFO] PluginManage:310 - Check plugin power
2025-04-03 09:19:39,320 [INFO] PluginManage:359 - Loaded plugin power (category:power,tabindex:4)
2025-04-03 09:19:39,320 [INFO] PluginManage:310 - Check plugin projectmanager
2025-04-03 09:19:39,336 [INFO] PluginManage:359 - Loaded plugin projectmanager (category:projectmanager,tabindex:4)
2025-04-03 09:19:39,336 [INFO] PluginManage:310 - Check plugin rif
2025-04-03 09:19:39,343 [INFO] PluginManage:359 - Loaded plugin rif (category:base,tabindex:3)
2025-04-03 09:19:39,344 [INFO] PluginManage:310 - Check plugin thirdparty
2025-04-03 09:19:39,461 [WARN] IntegrityCheckThread:84 - waiting for thirdparty lock release [integrity check]
2025-04-03 09:19:39,461 [INFO] IntegrityCheckThread:86 - entering critical section [integrity check]
2025-04-03 09:19:39,461 [INFO] PluginManage:359 - Loaded plugin thirdparty (category:base,tabindex:-1)
2025-04-03 09:19:39,461 [INFO] PluginManage:310 - Check plugin tools
2025-04-03 09:19:39,461 [INFO] ThirdPartyUpdaterWithRetryManager:70 - Updater plugin not ready yet. [1/15]
2025-04-03 09:19:39,464 [INFO] PluginManage:359 - Loaded plugin tools (category:base,tabindex:7)
2025-04-03 09:19:39,464 [INFO] PluginManage:310 - Check plugin tutovideos
2025-04-03 09:19:39,674 [INFO] PluginManage:359 - Loaded plugin tutovideos (category:base,tabindex:-1)
2025-04-03 09:19:39,675 [INFO] PluginManage:310 - Check plugin updater
2025-04-03 09:19:39,697 [INFO] PluginManage:359 - Loaded plugin updater (category:base,tabindex:12)
2025-04-03 09:19:39,697 [INFO] PluginManage:310 - Check plugin userauth
2025-04-03 09:19:39,701 [INFO] UserAuth:118 - Init User Auth plugin
2025-04-03 09:19:39,702 [INFO] PluginManage:359 - Loaded plugin userauth (category:base,tabindex:14)
2025-04-03 09:19:39,702 [INFO] PluginManage:283 - PluginManage : Loaded plugins [18]
2025-04-03 09:19:39,968 [INFO] PinOutPanel:1589 - setPackage(No Configuration,No Configuration)
2025-04-03 09:19:40,053 [INFO] CADModel:165 - CPN selected for project level
2025-04-03 09:19:40,054 [INFO] CADModel:114 - Register for checkConnection events
2025-04-03 09:19:40,073 [INFO] IPUIPlugin:80 - create IPUIPlugin
2025-04-03 09:19:40,073 [INFO] PluginManager:220 - loadIPPluginJar : add adc
2025-04-03 09:19:40,076 [INFO] IPUIPlugin:80 - create IPUIPlugin
2025-04-03 09:19:40,076 [INFO] PluginManager:220 - loadIPPluginJar : add aes
2025-04-03 09:19:40,078 [INFO] IPUIPlugin:80 - create IPUIPlugin
2025-04-03 09:19:40,078 [INFO] PluginManager:220 - loadIPPluginJar : add can
2025-04-03 09:19:40,079 [INFO] IPUIPlugin:80 - create IPUIPlugin
2025-04-03 09:19:40,079 [INFO] PluginManager:220 - loadIPPluginJar : add comp
2025-04-03 09:19:40,081 [INFO] IPUIPlugin:80 - create IPUIPlugin
2025-04-03 09:19:40,081 [INFO] PluginManager:220 - loadIPPluginJar : add cryp
2025-04-03 09:19:40,085 [INFO] IPUIPlugin:80 - create IPUIPlugin
2025-04-03 09:19:40,085 [INFO] PluginManager:220 - loadIPPluginJar : add ddr_ctrl_phy
2025-04-03 09:19:40,087 [INFO] IPUIPlugin:80 - create IPUIPlugin
2025-04-03 09:19:40,087 [INFO] PluginManager:220 - loadIPPluginJar : add dfsdm
2025-04-03 09:19:40,092 [INFO] IPUIPlugin:80 - create IPUIPlugin
2025-04-03 09:19:40,092 [INFO] PluginManager:220 - loadIPPluginJar : add dma
2025-04-03 09:19:40,094 [INFO] IPUIPlugin:80 - create IPUIPlugin
2025-04-03 09:19:40,094 [INFO] PluginManager:220 - loadIPPluginJar : add dma3
2025-04-03 09:19:40,096 [INFO] IPUIPlugin:80 - create IPUIPlugin
2025-04-03 09:19:40,096 [INFO] PluginManager:220 - loadIPPluginJar : add extmemmanager
2025-04-03 09:19:40,098 [INFO] IPUIPlugin:80 - create IPUIPlugin
2025-04-03 09:19:40,098 [INFO] PluginManager:220 - loadIPPluginJar : add fatfs
2025-04-03 09:19:40,101 [INFO] IPUIPlugin:80 - create IPUIPlugin
2025-04-03 09:19:40,102 [INFO] PluginManager:220 - loadIPPluginJar : add fmc
2025-04-03 09:19:40,107 [INFO] IPUIPlugin:80 - create IPUIPlugin
2025-04-03 09:19:40,107 [INFO] PluginManager:220 - loadIPPluginJar : add freertos
2025-04-03 09:19:40,109 [INFO] IPUIPlugin:80 - create IPUIPlugin
2025-04-03 09:19:40,109 [INFO] PluginManager:220 - loadIPPluginJar : add genericplugin
2025-04-03 09:19:40,111 [INFO] IPUIPlugin:80 - create IPUIPlugin
2025-04-03 09:19:40,111 [INFO] PluginManager:220 - loadIPPluginJar : add gfxmmu
2025-04-03 09:19:40,115 [INFO] IPUIPlugin:80 - create IPUIPlugin
2025-04-03 09:19:40,115 [INFO] PluginManager:220 - loadIPPluginJar : add gic
2025-04-03 09:19:40,119 [INFO] IPUIPlugin:80 - create IPUIPlugin
2025-04-03 09:19:40,119 [INFO] PluginManager:220 - loadIPPluginJar : add gpio
2025-04-03 09:19:40,121 [INFO] IPUIPlugin:80 - create IPUIPlugin
2025-04-03 09:19:40,122 [INFO] PluginManager:220 - loadIPPluginJar : add gtzc
2025-04-03 09:19:40,124 [INFO] IPUIPlugin:80 - create IPUIPlugin
2025-04-03 09:19:40,125 [INFO] PluginManager:220 - loadIPPluginJar : add hash
2025-04-03 09:19:40,128 [INFO] IPUIPlugin:80 - create IPUIPlugin
2025-04-03 09:19:40,128 [INFO] PluginManager:220 - loadIPPluginJar : add i2c
2025-04-03 09:19:40,131 [INFO] IPUIPlugin:80 - create IPUIPlugin
2025-04-03 09:19:40,131 [INFO] PluginManager:220 - loadIPPluginJar : add i2s
2025-04-03 09:19:40,135 [INFO] IPUIPlugin:80 - create IPUIPlugin
2025-04-03 09:19:40,136 [INFO] PluginManager:220 - loadIPPluginJar : add i3c
2025-04-03 09:19:40,140 [INFO] IPUIPlugin:80 - create IPUIPlugin
2025-04-03 09:19:40,140 [INFO] PluginManager:220 - loadIPPluginJar : add ipddr
2025-04-03 09:19:40,150 [INFO] IPUIPlugin:80 - create IPUIPlugin
2025-04-03 09:19:40,151 [INFO] PluginManager:220 - loadIPPluginJar : add linkedlist
2025-04-03 09:19:40,154 [INFO] IPUIPlugin:80 - create IPUIPlugin
2025-04-03 09:19:40,154 [INFO] PluginManager:220 - loadIPPluginJar : add lorawan
2025-04-03 09:19:40,155 [INFO] IPUIPlugin:80 - create IPUIPlugin
2025-04-03 09:19:40,156 [INFO] PluginManager:220 - loadIPPluginJar : add ltdc
2025-04-03 09:19:40,161 [INFO] IPUIPlugin:80 - create IPUIPlugin
2025-04-03 09:19:40,162 [INFO] PluginManager:220 - loadIPPluginJar : add mdma
2025-04-03 09:19:40,165 [INFO] IPUIPlugin:80 - create IPUIPlugin
2025-04-03 09:19:40,165 [INFO] PluginManager:220 - loadIPPluginJar : add nvic
2025-04-03 09:19:40,168 [INFO] IPUIPlugin:80 - create IPUIPlugin
2025-04-03 09:19:40,168 [INFO] PluginManager:220 - loadIPPluginJar : add opamp
2025-04-03 09:19:40,171 [INFO] IPUIPlugin:80 - create IPUIPlugin
2025-04-03 09:19:40,171 [INFO] PluginManager:220 - loadIPPluginJar : add openamp
2025-04-03 09:19:40,174 [INFO] IPUIPlugin:80 - create IPUIPlugin
2025-04-03 09:19:40,174 [INFO] PluginManager:220 - loadIPPluginJar : add pdm2pcm
2025-04-03 09:19:40,181 [INFO] IPUIPlugin:80 - create IPUIPlugin
2025-04-03 09:19:40,184 [INFO] PluginManager:220 - loadIPPluginJar : add plateformsettings
2025-04-03 09:19:40,185 [INFO] IPUIPlugin:80 - create IPUIPlugin
2025-04-03 09:19:40,185 [INFO] PluginManager:220 - loadIPPluginJar : add quadspi
2025-04-03 09:19:40,187 [INFO] IPUIPlugin:80 - create IPUIPlugin
2025-04-03 09:19:40,187 [INFO] PluginManager:220 - loadIPPluginJar : add radio
2025-04-03 09:19:40,190 [INFO] IPUIPlugin:80 - create IPUIPlugin
2025-04-03 09:19:40,190 [INFO] PluginManager:220 - loadIPPluginJar : add resmgrutility
2025-04-03 09:19:40,192 [INFO] IPUIPlugin:80 - create IPUIPlugin
2025-04-03 09:19:40,193 [INFO] PluginManager:220 - loadIPPluginJar : add sai
2025-04-03 09:19:40,194 [INFO] IPUIPlugin:80 - create IPUIPlugin
2025-04-03 09:19:40,194 [INFO] PluginManager:220 - loadIPPluginJar : add spi
2025-04-03 09:19:40,199 [INFO] IPUIPlugin:80 - create IPUIPlugin
2025-04-03 09:19:40,199 [INFO] PluginManager:220 - loadIPPluginJar : add stm32_wpan
2025-04-03 09:19:40,200 [INFO] IPUIPlugin:80 - create IPUIPlugin
2025-04-03 09:19:40,201 [INFO] PluginManager:220 - loadIPPluginJar : add tim
2025-04-03 09:19:40,203 [INFO] IPUIPlugin:80 - create IPUIPlugin
2025-04-03 09:19:40,203 [INFO] PluginManager:220 - loadIPPluginJar : add touchsensing
2025-04-03 09:19:40,205 [INFO] IPUIPlugin:80 - create IPUIPlugin
2025-04-03 09:19:40,205 [INFO] PluginManager:220 - loadIPPluginJar : add tracer_emb
2025-04-03 09:19:40,206 [INFO] IPUIPlugin:80 - create IPUIPlugin
2025-04-03 09:19:40,206 [INFO] PluginManager:220 - loadIPPluginJar : add ts
2025-04-03 09:19:40,208 [INFO] IPUIPlugin:80 - create IPUIPlugin
2025-04-03 09:19:40,208 [INFO] PluginManager:220 - loadIPPluginJar : add tsc
2025-04-03 09:19:40,210 [INFO] IPUIPlugin:80 - create IPUIPlugin
2025-04-03 09:19:40,210 [INFO] PluginManager:220 - loadIPPluginJar : add ucpd
2025-04-03 09:19:40,212 [INFO] IPUIPlugin:80 - create IPUIPlugin
2025-04-03 09:19:40,212 [INFO] PluginManager:220 - loadIPPluginJar : add usart
2025-04-03 09:19:40,215 [INFO] IPUIPlugin:80 - create IPUIPlugin
2025-04-03 09:19:40,215 [INFO] PluginManager:220 - loadIPPluginJar : add usbx
2025-04-03 09:19:40,356 [FATAL] Updater:351 - Updater called before beeing initialized
2025-04-03 09:19:40,382 [INFO] RulesReader:64 - Compatibility file has been processed (301 Rules)
2025-04-03 09:19:40,406 [INFO] RulesReader:64 - Compatibility file has been processed (301 Rules)
2025-04-03 09:19:40,416 [INFO] CADModel:165 - CPN selected for project level
2025-04-03 09:19:40,417 [INFO] CADModel:114 - Register for checkConnection events
2025-04-03 09:19:40,417 [FATAL] Updater:351 - Updater called before beeing initialized
2025-04-03 09:19:40,417 [ERROR] CADModel:125 - Updater not yet initialized, retry later 
2025-04-03 09:19:40,597 [FATAL] Updater:351 - Updater called before beeing initialized
2025-04-03 09:19:40,599 [INFO] CADModel:165 - CPN selected for project level
2025-04-03 09:19:40,599 [INFO] CADModel:114 - Register for checkConnection events
2025-04-03 09:19:40,599 [FATAL] Updater:351 - Updater called before beeing initialized
2025-04-03 09:19:40,600 [ERROR] CADModel:125 - Updater not yet initialized, retry later 
2025-04-03 09:19:40,604 [FATAL] Updater:351 - Updater called before beeing initialized
2025-04-03 09:19:40,715 [FATAL] Updater:351 - Updater called before beeing initialized
2025-04-03 09:19:40,719 [INFO] DbMcusAds:53 - JSON generation date=Thu Mar 06 21:54:21 ICT 2025 (1741272861825)
2025-04-03 09:19:40,720 [FATAL] Updater:351 - Updater called before beeing initialized
2025-04-03 09:19:40,754 [WARN] DetailPanel:346 - Failed to get advertising image, set to default
2025-04-03 09:19:41,010 [FATAL] Updater:351 - Updater called before beeing initialized
2025-04-03 09:19:41,011 [FATAL] Updater:351 - Updater called before beeing initialized
2025-04-03 09:19:41,012 [FATAL] Updater:351 - Updater called before beeing initialized
2025-04-03 09:19:41,012 [WARN] DetailPanel:346 - Failed to get advertising image, set to default
2025-04-03 09:19:41,012 [FATAL] Updater:351 - Updater called before beeing initialized
2025-04-03 09:19:41,063 [ERROR] Updater:1198 - MainUpdater not yet initialized. External WinMGr cannot be set.
2025-04-03 09:19:41,065 [INFO] Updater:1134 - Updater Version found : 6.14.0
2025-04-03 09:19:41,089 [INFO] ApplicationProperties:184 - Using Application install path: D:\ST\STM32CubeIDE_1.18.0\STM32CubeIDE\plugins\com.st.stm32cube.common.mx_6.14.0.202502271554
2025-04-03 09:19:42,464 [INFO] ThirdPartyUpdaterWithRetryManager:70 - Updater plugin not ready yet. [2/15]
2025-04-03 09:19:42,660 [ERROR] LogOutputStream:75 - [STDERR_REDIRECT] Apr 03, 2025 9:19:42 AM java.util.prefs.WindowsPreferences <init>
2025-04-03 09:19:42,662 [ERROR] LogOutputStream:75 - [STDERR_REDIRECT] WARNING: Could not open/create prefs root node Software\JavaSoft\Prefs at root 0xffffffff80000002. Windows RegCreateKeyEx(...) returned error code 5.
2025-04-03 09:19:42,662 [ERROR] LogOutputStream:75 - [STDERR_REDIRECT] 
2025-04-03 09:19:42,941 [INFO] MainUpdater:2872 - connection check result : 10
2025-04-03 09:19:42,941 [INFO] MainUpdater:289 - Updater Check For Update Now.
2025-04-03 09:19:42,941 [INFO] MicroXplorer:498 - Change Database Version : DB.6.0.140
2025-04-03 09:19:42,947 [INFO] McuFinderGlobals:63 - Set McuFinder mode to 2 (CubeIDE integrated)
2025-04-03 09:19:42,947 [INFO] UserAuth:171 - activating auth plugin
2025-04-03 09:19:42,953 [INFO] UserAuth:486 - Internet connection configuration mode: 1
2025-04-03 09:19:42,973 [INFO] JxBrowserEngine:152 - Initiate JxBrowser Engine with user profile folder
2025-04-03 09:19:43,136 [INFO] CheckServerUpdateThread:120 - End of CheckServer Thread
2025-04-03 09:19:44,106 [INFO] WebApp:169 - Instantiating new browser for Auth
2025-04-03 09:19:45,008 [INFO] WebApp:463 - Apply proxy settings
2025-04-03 09:19:45,008 [INFO] WebApp:548 - Chromium requires no authentication
2025-04-03 09:19:45,033 [INFO] WebApp:491 - Direct internet connection detected
2025-04-03 09:19:45,095 [INFO] WebApp:894 - Register for checkConnection events
2025-04-03 09:19:45,096 [INFO] WebApp:463 - Apply proxy settings
2025-04-03 09:19:45,096 [INFO] WebApp:548 - Chromium requires no authentication
2025-04-03 09:19:45,096 [INFO] WebApp:491 - Direct internet connection detected
2025-04-03 09:19:45,357 [INFO] WebApp:191 - Connection restablished
2025-04-03 09:19:45,466 [INFO] WebApp:225 - Starting web application
2025-04-03 09:19:45,466 [INFO] WebApp:593 - Web application path used D:\ST\STM32CubeIDE_1.18.0\STM32CubeIDE\plugins\com.st.stm32cube.common.mx_6.14.0.202502271554\db\plugins\mcufinder\reactClient1\index.html
2025-04-03 09:19:45,679 [WARN] PackLoader:240 - Cannot read IP mode file for STMicroelectronics.FP-SNS-MOTENVWB1.1.4.0
2025-04-03 09:19:45,689 [WARN] PackLoader:240 - Cannot read IP mode file for STMicroelectronics.FP-ATR-ASTRA1.2.0.2
2025-04-03 09:19:45,697 [WARN] PackLoader:240 - Cannot read IP mode file for STMicroelectronics.X-CUBE-SMBUS.2.1.0
2025-04-03 09:19:45,704 [WARN] PackLoader:240 - Cannot read IP mode file for STMicroelectronics.X-CUBE-WB05N.1.1.0
2025-04-03 09:19:45,734 [WARN] PackLoader:240 - Cannot read IP mode file for STMicroelectronics.X-CUBE-AZRTOS-F7.1.1.0
2025-04-03 09:19:45,843 [WARN] PackLoader:240 - Cannot read IP mode file for Infineon.AIROC-Wi-Fi-Bluetooth-STM32.1.7.0
2025-04-03 09:19:45,862 [WARN] PackLoader:240 - Cannot read IP mode file for STMicroelectronics.X-CUBE-DISPLAY.3.0.0
2025-04-03 09:19:45,877 [WARN] PackLoader:240 - Cannot read IP mode file for STMicroelectronics.X-CUBE-NFC10.1.0.0
2025-04-03 09:19:45,890 [WARN] PackLoader:240 - Cannot read IP mode file for STMicroelectronics.X-CUBE-BLEMGR.4.0.0
2025-04-03 09:19:45,901 [WARN] PackLoader:240 - Cannot read IP mode file for emotas.I-CUBE-CANOPEN.1.3.0
2025-04-03 09:19:45,906 [WARN] ConditionMgr:438 - getConditionDescription Invalid condition id : Cortex-A Device cause : null
2025-04-03 09:19:45,924 [WARN] ConditionMgr:1044 - genDependencies : Invalid condition id : Cortex-A Device cause : null
2025-04-03 09:19:45,924 [WARN] ConditionMgr:1044 - genDependencies : Invalid condition id : Cortex-A Device cause : null
2025-04-03 09:19:45,924 [WARN] ConditionMgr:1044 - genDependencies : Invalid condition id : Cortex-A Device cause : null
2025-04-03 09:19:45,929 [WARN] PackLoader:240 - Cannot read IP mode file for STMicroelectronics.X-CUBE-AI.10.0.0
2025-04-03 09:19:45,936 [WARN] PackLoader:240 - Cannot read IP mode file for STMicroelectronics.FP-SNS-SMARTAG2.1.2.0
2025-04-03 09:19:45,942 [WARN] PackLoader:240 - Cannot read IP mode file for STMicroelectronics.FP-SNS-FLIGHT1.5.1.0
2025-04-03 09:19:45,988 [WARN] PackLoader:240 - Cannot read IP mode file for STMicroelectronics.X-CUBE-MEMS1.11.1.0
2025-04-03 09:19:46,168 [INFO] LogOutputStream:77 - [STDOUT_REDIRECT] 1 : Invalid condition id : UX_CORESTACK_Condition cause : null
2025-04-03 09:19:46,170 [INFO] LogOutputStream:77 - [STDOUT_REDIRECT] 1 : Invalid condition id : UX_CORESTACK_Condition cause : null
2025-04-03 09:19:46,171 [INFO] LogOutputStream:77 - [STDOUT_REDIRECT] 1 : Invalid condition id : UX_CORESTACK_Condition cause : null
2025-04-03 09:19:46,172 [INFO] LogOutputStream:77 - [STDOUT_REDIRECT] 1 : Invalid condition id : UX_CORESTACK_Condition cause : null
2025-04-03 09:19:46,174 [INFO] LogOutputStream:77 - [STDOUT_REDIRECT] 1 : Invalid condition id : UX_CORESTACK_Condition cause : null
2025-04-03 09:19:46,177 [WARN] PackLoader:240 - Cannot read IP mode file for STMicroelectronics.X-CUBE-AZRTOS-WL.2.0.0
2025-04-03 09:19:46,185 [WARN] PackLoader:240 - Cannot read IP mode file for STMicroelectronics.FP-SNS-MOTENV1.5.0.0
2025-04-03 09:19:46,221 [WARN] PackLoader:240 - Cannot read IP mode file for WES.I-CUBE-Cesium.1.3.0
2025-04-03 09:19:46,229 [WARN] PackLoader:240 - Cannot read IP mode file for STMicroelectronics.X-CUBE-BLE2.3.3.0
2025-04-03 09:19:46,237 [WARN] PackLoader:240 - Cannot read IP mode file for STMicroelectronics.X-CUBE-NFC9.1.0.0
2025-04-03 09:19:46,246 [WARN] PackLoader:240 - Cannot read IP mode file for STMicroelectronics.X-CUBE-BLE1.7.1.0
2025-04-03 09:19:46,251 [WARN] PackLoader:240 - Cannot read IP mode file for wolfSSL.I-CUBE-wolfMQTT.1.19.2
2025-04-03 09:19:46,274 [WARN] PackLoader:240 - Cannot read IP mode file for STMicroelectronics.X-CUBE-AZRTOS-G0.1.1.0
2025-04-03 09:19:46,284 [WARN] PackLoader:240 - Cannot read IP mode file for STMicroelectronics.X-CUBE-SAFEA1.1.2.2
2025-04-03 09:19:46,291 [WARN] PackLoader:240 - Cannot read IP mode file for STMicroelectronics.X-CUBE-NFC4.3.0.0
2025-04-03 09:19:46,304 [WARN] PackLoader:240 - Cannot read IP mode file for EmbeddedOffice.I-CUBE-FS-RTOS.1.0.1
2025-04-03 09:19:46,310 [WARN] PackLoader:240 - Cannot read IP mode file for wolfSSL.I-CUBE-wolfTPM.3.8.0
2025-04-03 09:19:46,318 [WARN] PackLoader:240 - Cannot read IP mode file for STMicroelectronics.X-CUBE-TCPP.4.2.0
2025-04-03 09:19:46,326 [WARN] PackLoader:240 - Cannot read IP mode file for RealThread.X-CUBE-RT-Thread_Nano.4.1.1
2025-04-03 09:19:46,332 [WARN] PackLoader:240 - Cannot read IP mode file for STMicroelectronics.FP-ATR-SIGFOX1.3.2.0
2025-04-03 09:19:46,339 [WARN] PackLoader:240 - Cannot read IP mode file for STMicroelectronics.X-CUBE-EEPRMA1.5.1.0
2025-04-03 09:19:46,345 [WARN] PackLoader:240 - Cannot read IP mode file for wolfSSL.I-CUBE-wolfSSL.5.7.6
2025-04-03 09:19:46,356 [WARN] PackLoader:240 - Cannot read IP mode file for ITTIA_DB.I-CUBE-ITTIADB.8.9.0
2025-04-03 09:19:46,389 [WARN] PackLoader:240 - Cannot read IP mode file for SEGGER.I-CUBE-embOS.1.3.1
2025-04-03 09:19:46,437 [WARN] PackLoader:240 - Cannot read IP mode file for STMicroelectronics.X-CUBE-ALGOBUILD.1.4.0
2025-04-03 09:19:46,458 [WARN] PackLoader:240 - Cannot read IP mode file for STMicroelectronics.X-CUBE-AZRTOS-F4.1.1.0
2025-04-03 09:19:46,467 [WARN] PackLoader:240 - Cannot read IP mode file for STMicroelectronics.X-CUBE-ISPU.2.1.0
2025-04-03 09:19:46,483 [WARN] PackLoader:240 - Cannot read IP mode file for STMicroelectronics.X-CUBE-AZRTOS-L5.2.0.0
2025-04-03 09:19:46,493 [WARN] PackLoader:240 - Cannot read IP mode file for STMicroelectronics.X-CUBE-NFC6.3.1.0
2025-04-03 09:19:46,499 [WARN] PackLoader:240 - Cannot read IP mode file for STMicroelectronics.X-CUBE-FREERTOS.1.3.0
2025-04-03 09:19:46,503 [WARN] PackLoader:240 - Cannot read IP mode file for STMicroelectronics.X-CUBE-NFC7.1.0.1
2025-04-03 09:19:46,508 [WARN] PackLoader:240 - Cannot read IP mode file for STMicroelectronics.X-CUBE-DPower.1.3.0
2025-04-03 09:19:46,520 [WARN] ConditionMgr:438 - getConditionDescription Invalid condition id : LAN8742 Phy interface Condition cause : null
2025-04-03 09:19:46,521 [WARN] PackLoader:240 - Cannot read IP mode file for STMicroelectronics.X-CUBE-AZRTOS-L4.2.0.0
2025-04-03 09:19:46,521 [WARN] ConditionMgr:1044 - genDependencies : Invalid condition id : LAN8742 Phy interface Condition cause : null
2025-04-03 09:19:46,521 [WARN] ConditionMgr:1044 - genDependencies : Invalid condition id : LAN8742 Phy interface Condition cause : null
2025-04-03 09:19:46,522 [WARN] ConditionMgr:1044 - genDependencies : Invalid condition id : LAN8742 Phy interface Condition cause : null
2025-04-03 09:19:46,529 [WARN] PackLoader:240 - Cannot read IP mode file for STMicroelectronics.X-CUBE-SFXS2LP1.4.0.0
2025-04-03 09:19:46,544 [WARN] PackLoader:240 - Cannot read IP mode file for STMicroelectronics.X-CUBE-AZRTOS-H7.3.3.0
2025-04-03 09:19:46,556 [WARN] ConditionMgr:438 - getConditionDescription Invalid condition id : UX DEVICE CLASS RTOS Condition cause : null
2025-04-03 09:19:46,556 [WARN] ConditionMgr:438 - getConditionDescription Invalid condition id : UX DEVICE CLASS RTOS Condition cause : null
2025-04-03 09:19:46,558 [WARN] PackLoader:240 - Cannot read IP mode file for STMicroelectronics.X-CUBE-AZRTOS-WB.2.0.0
2025-04-03 09:19:46,558 [WARN] ConditionMgr:1044 - genDependencies : Invalid condition id : UX DEVICE CLASS RTOS Condition cause : null
2025-04-03 09:19:46,558 [WARN] ConditionMgr:1044 - genDependencies : Invalid condition id : UX DEVICE CLASS RTOS Condition cause : null
2025-04-03 09:19:46,558 [WARN] ConditionMgr:1044 - genDependencies : Invalid condition id : UX DEVICE CLASS RTOS Condition cause : null
2025-04-03 09:19:46,558 [WARN] ConditionMgr:1044 - genDependencies : Invalid condition id : UX DEVICE CLASS RTOS Condition cause : null
2025-04-03 09:19:46,558 [WARN] ConditionMgr:1044 - genDependencies : Invalid condition id : UX DEVICE CLASS RTOS Condition cause : null
2025-04-03 09:19:46,563 [WARN] PackLoader:240 - Cannot read IP mode file for STMicroelectronics.X-CUBE-GNSS1.7.0.1
2025-04-03 09:19:46,568 [WARN] PackLoader:240 - Cannot read IP mode file for STMicroelectronics.X-CUBE-TOUCHGFX.4.25.0
2025-04-03 09:19:46,574 [WARN] PackLoader:240 - Cannot read IP mode file for STMicroelectronics.FP-SNS-STBOX1.2.0.0
2025-04-03 09:19:46,583 [WARN] PackLoader:240 - Cannot read IP mode file for STMicroelectronics.X-CUBE-SUBG2.5.0.0
2025-04-03 09:19:46,596 [WARN] PackLoader:240 - Cannot read IP mode file for STMicroelectronics.X-CUBE-AZRTOS-H7RS.1.1.0
2025-04-03 09:19:46,602 [WARN] PackLoader:240 - Cannot read IP mode file for Cesanta.I-CUBE-Mongoose.7.13.0
2025-04-03 09:19:46,616 [WARN] PackLoader:240 - Cannot read IP mode file for STMicroelectronics.X-CUBE-AZRTOS-G4.2.0.0
2025-04-03 09:19:46,620 [WARN] PackLoader:240 - Cannot read IP mode file for wolfSSL.I-CUBE-wolfSSH.1.4.20
2025-04-03 09:19:46,629 [WARN] PackLoader:240 - Cannot read IP mode file for STMicroelectronics.X-CUBE-IPS.3.1.0
2025-04-03 09:19:46,636 [WARN] PackLoader:240 - Cannot read IP mode file for STMicroelectronics.X-CUBE-ALS.1.0.2
2025-04-03 09:19:46,642 [WARN] PackLoader:240 - Cannot read IP mode file for portGmbH.I-Cube-SoM-uGOAL.1.1.0
2025-04-03 09:19:46,650 [WARN] PackLoader:240 - Cannot read IP mode file for STMicroelectronics.X-CUBE-TOF1.3.4.2
2025-04-03 09:19:46,656 [INFO] ThirdParty:978 - Integrity check success = true
2025-04-03 09:19:46,656 [INFO] IntegrityCheckThread:100 - exiting critical section [integrity check]
2025-04-03 09:19:46,656 [INFO] IntegrityCheckThread:103 - End integrity checks thread
2025-04-03 10:10:22,332 [INFO] WebApp:194 - Connection lost
2025-04-03 10:10:22,496 [INFO] WebApp:191 - Connection restablished
2025-04-03 10:10:51,520 [ERROR] LogOutputStream:75 - [STDERR_REDIRECT] 
