2025-03-28 14:39:51,336 [INFO] Activator:176 - 


2025-03-28 14:39:51,340 [INFO] Activator:177 - !SESSION log4j initialized
2025-03-28 14:39:55,243 [INFO] LogOutputStream:77 - [STDOUT_REDIRECT] 
2025-03-28 14:40:00,438 [INFO] ApplicationProperties:184 - Using Application install path: D:\ST\STM32CubeIDE_1.18.0\STM32CubeIDE\plugins\com.st.stm32cube.common.mx_6.14.0.202502271554
2025-03-28 14:40:00,461 [INFO] DbMcusXml:78 - Set database path to: D:\ST\STM32CubeIDE_1.18.0\STM32CubeIDE\plugins\com.st.stm32cube.common.mx_6.14.0.202502271554\\db\/mcu/
2025-03-28 14:40:00,462 [INFO] ApiDb:274 - Set plugin database path to: D:\ST\STM32CubeIDE_1.18.0\STM32CubeIDE\plugins\com.st.stm32cube.common.mx_6.14.0.202502271554\\db\/plugins/boardmanager/
2025-03-28 14:40:00,462 [WARN] ApiDb:259 - Overriding images path with different value:  => D:\ST\STM32CubeIDE_1.18.0\STM32CubeIDE\plugins\com.st.stm32cube.common.mx_6.14.0.202502271554\\db\/plugins/mcufinder/images/
2025-03-28 14:40:00,490 [INFO] ApiDb:250 - Set database path to: C:\Users\Admin\.stmcufinder\plugins\mcufinder//mcu/
2025-03-28 14:40:00,491 [INFO] DbMcusAds:125 - Set database path to: C:\Users\Admin\.stmcufinder\plugins\mcufinder//mcu/
2025-03-28 14:40:00,494 [INFO] CrossReferenceDbSqlite:203 - Set database path to: C:\Users\Admin\.stmcufinder\plugins\mcufinder//mcu/cs/
2025-03-28 14:40:00,606 [INFO] RulesReader:64 - Compatibility file has been processed (301 Rules)
2025-03-28 14:40:00,709 [INFO] DbMcusXml:78 - Set database path to: D:\ST\STM32CubeIDE_1.18.0\STM32CubeIDE\plugins\com.st.stm32cube.common.mx_6.14.0.202502271554\\db\/mcu/
2025-03-28 14:40:00,709 [INFO] ApiDb:274 - Set plugin database path to: D:\ST\STM32CubeIDE_1.18.0\STM32CubeIDE\plugins\com.st.stm32cube.common.mx_6.14.0.202502271554\\db\/plugins/boardmanager/
2025-03-28 14:40:00,709 [INFO] ApiDb:261 - Set plugin images path to: D:\ST\STM32CubeIDE_1.18.0\STM32CubeIDE\plugins\com.st.stm32cube.common.mx_6.14.0.202502271554\\db\/plugins/mcufinder/images/
2025-03-28 14:40:00,710 [WARN] DbFile:41 - Overriding database path with different value: C:\Users\Admin\.stmcufinder\plugins\mcufinder/ => C:\Users\Admin\.stmcufinder\plugins\mcufinder
2025-03-28 14:40:00,710 [INFO] ApiDb:250 - Set database path to: C:\Users\Admin\.stmcufinder\plugins\mcufinder//mcu/
2025-03-28 14:40:00,710 [WARN] DbFile:41 - Overriding database path with different value: C:\Users\Admin\.stmcufinder\plugins\mcufinder/ => C:\Users\Admin\.stmcufinder\plugins\mcufinder
2025-03-28 14:40:00,710 [INFO] DbMcusAds:125 - Set database path to: C:\Users\Admin\.stmcufinder\plugins\mcufinder//mcu/
2025-03-28 14:40:00,710 [WARN] DbFile:41 - Overriding database path with different value: C:\Users\Admin\.stmcufinder\plugins\mcufinder/ => C:\Users\Admin\.stmcufinder\plugins\mcufinder
2025-03-28 14:40:00,710 [WARN] DbFile:41 - Overriding database path with different value: C:\Users\Admin\.stmcufinder\plugins\mcufinder/ => C:\Users\Admin\.stmcufinder\plugins\mcufinder
2025-03-28 14:40:00,710 [INFO] CrossReferenceDbSqlite:203 - Set database path to: C:\Users\Admin\.stmcufinder\plugins\mcufinder//mcu/cs/
2025-03-28 14:40:00,788 [INFO] MainPanel:272 - HeapMemory: 268435456
2025-03-28 14:40:00,910 [INFO] DbMcusXml:78 - Set database path to: D:\ST\STM32CubeIDE_1.18.0\STM32CubeIDE\plugins\com.st.stm32cube.common.mx_6.14.0.202502271554\\db\/mcu/
2025-03-28 14:40:00,911 [INFO] ApiDb:274 - Set plugin database path to: D:\ST\STM32CubeIDE_1.18.0\STM32CubeIDE\plugins\com.st.stm32cube.common.mx_6.14.0.202502271554\\db\/plugins/boardmanager/
2025-03-28 14:40:00,911 [INFO] ApiDb:261 - Set plugin images path to: D:\ST\STM32CubeIDE_1.18.0\STM32CubeIDE\plugins\com.st.stm32cube.common.mx_6.14.0.202502271554\\db\/plugins/mcufinder/images/
2025-03-28 14:40:00,911 [WARN] DbFile:41 - Overriding database path with different value: C:\Users\Admin\.stmcufinder\plugins\mcufinder/ => C:\Users\Admin\.stmcufinder\plugins\mcufinder
2025-03-28 14:40:00,911 [INFO] ApiDb:250 - Set database path to: C:\Users\Admin\.stmcufinder\plugins\mcufinder//mcu/
2025-03-28 14:40:00,911 [WARN] DbFile:41 - Overriding database path with different value: C:\Users\Admin\.stmcufinder\plugins\mcufinder/ => C:\Users\Admin\.stmcufinder\plugins\mcufinder
2025-03-28 14:40:00,911 [INFO] DbMcusAds:125 - Set database path to: C:\Users\Admin\.stmcufinder\plugins\mcufinder//mcu/
2025-03-28 14:40:00,911 [WARN] DbFile:41 - Overriding database path with different value: C:\Users\Admin\.stmcufinder\plugins\mcufinder/ => C:\Users\Admin\.stmcufinder\plugins\mcufinder
2025-03-28 14:40:00,911 [WARN] DbFile:41 - Overriding database path with different value: C:\Users\Admin\.stmcufinder\plugins\mcufinder/ => C:\Users\Admin\.stmcufinder\plugins\mcufinder
2025-03-28 14:40:00,911 [INFO] CrossReferenceDbSqlite:203 - Set database path to: C:\Users\Admin\.stmcufinder\plugins\mcufinder//mcu/cs/
2025-03-28 14:40:00,929 [INFO] ApplicationProperties:184 - Using Application install path: D:\ST\STM32CubeIDE_1.18.0\STM32CubeIDE\plugins\com.st.stm32cube.common.mx_6.14.0.202502271554
2025-03-28 14:40:00,930 [INFO] PluginManage:196 - Search for loadable plugins [exclusion list=, ]
2025-03-28 14:40:00,931 [INFO] PluginManage:310 - Check plugin analytics
2025-03-28 14:40:01,097 [INFO] AnalyticsPlugin:253 - Accepted Software Licenses: STM32CubeMX.6.14.0
2025-03-28 14:40:01,097 [INFO] AnalyticsPlugin:255 - Accepted CMSIS Pack Licenses: 
2025-03-28 14:40:01,098 [INFO] AnalyticsPlugin:257 - Accepted Firmware Licenses: 
2025-03-28 14:40:01,100 [INFO] PluginManage:359 - Loaded plugin analytics (category:tool,tabindex:-1)
2025-03-28 14:40:01,100 [INFO] PluginManage:310 - Check plugin cadmodel
2025-03-28 14:40:01,120 [INFO] CADModel:105 - Init CAD model plugin
2025-03-28 14:40:01,120 [INFO] PluginManage:359 - Loaded plugin cadmodel (category:power,tabindex:5)
2025-03-28 14:40:01,120 [INFO] PluginManage:310 - Check plugin clock
2025-03-28 14:40:01,145 [INFO] PluginManage:359 - Loaded plugin clock (category:base,tabindex:2)
2025-03-28 14:40:01,145 [INFO] PluginManage:310 - Check plugin ddr
2025-03-28 14:40:01,147 [INFO] PluginManage:359 - Loaded plugin ddr (category:tool,tabindex:6)
2025-03-28 14:40:01,147 [INFO] PluginManage:310 - Check plugin filemanager
2025-03-28 14:40:01,263 [INFO] PluginManage:359 - Loaded plugin filemanager (category:base,tabindex:10)
2025-03-28 14:40:01,263 [INFO] PluginManage:310 - Check plugin ipmanager
2025-03-28 14:40:01,268 [INFO] PluginManage:359 - Loaded plugin ipmanager (category:base,tabindex:5)
2025-03-28 14:40:01,268 [INFO] PluginManage:310 - Check plugin lpbam
2025-03-28 14:40:01,288 [INFO] PluginManage:359 - Loaded plugin lpbam (category:base,tabindex:0)
2025-03-28 14:40:01,288 [INFO] PluginManage:310 - Check plugin memorymap
2025-03-28 14:40:01,313 [INFO] PluginManage:359 - Loaded plugin memorymap (category:base,tabindex:4)
2025-03-28 14:40:01,313 [INFO] PluginManage:310 - Check plugin pinoutandconfiguration
2025-03-28 14:40:01,333 [INFO] PluginManage:359 - Loaded plugin pinoutandconfiguration (category:base,tabindex:1)
2025-03-28 14:40:01,333 [INFO] PluginManage:310 - Check plugin pinoutconfig
2025-03-28 14:40:01,410 [WARN] SupportedApi:132 - Cannot load RTOS API schema: s4s-elt-must-match.1: The content of 'definitions' must match (annotation?, (simpleType | complexType)?, (unique | key | keyref)*)). A problem was found starting at: attribute.
2025-03-28 14:40:01,514 [INFO] PluginManage:359 - Loaded plugin pinoutconfig (category:base,tabindex:0)
2025-03-28 14:40:01,514 [INFO] PluginManage:310 - Check plugin power
2025-03-28 14:40:01,537 [INFO] PluginManage:359 - Loaded plugin power (category:power,tabindex:4)
2025-03-28 14:40:01,537 [INFO] PluginManage:310 - Check plugin projectmanager
2025-03-28 14:40:01,549 [INFO] PluginManage:359 - Loaded plugin projectmanager (category:projectmanager,tabindex:4)
2025-03-28 14:40:01,550 [INFO] PluginManage:310 - Check plugin rif
2025-03-28 14:40:01,570 [INFO] PluginManage:359 - Loaded plugin rif (category:base,tabindex:3)
2025-03-28 14:40:01,570 [INFO] PluginManage:310 - Check plugin thirdparty
2025-03-28 14:40:01,763 [INFO] PluginManage:359 - Loaded plugin thirdparty (category:base,tabindex:-1)
2025-03-28 14:40:01,763 [WARN] IntegrityCheckThread:84 - waiting for thirdparty lock release [integrity check]
2025-03-28 14:40:01,764 [INFO] IntegrityCheckThread:86 - entering critical section [integrity check]
2025-03-28 14:40:01,764 [INFO] PluginManage:310 - Check plugin tools
2025-03-28 14:40:01,764 [INFO] ThirdPartyUpdaterWithRetryManager:70 - Updater plugin not ready yet. [1/15]
2025-03-28 14:40:01,808 [INFO] PluginManage:359 - Loaded plugin tools (category:base,tabindex:7)
2025-03-28 14:40:01,808 [INFO] PluginManage:310 - Check plugin tutovideos
2025-03-28 14:40:01,972 [INFO] PluginManage:359 - Loaded plugin tutovideos (category:base,tabindex:-1)
2025-03-28 14:40:01,972 [INFO] PluginManage:310 - Check plugin updater
2025-03-28 14:40:01,989 [INFO] PluginManage:359 - Loaded plugin updater (category:base,tabindex:12)
2025-03-28 14:40:01,989 [INFO] PluginManage:310 - Check plugin userauth
2025-03-28 14:40:01,993 [INFO] UserAuth:118 - Init User Auth plugin
2025-03-28 14:40:01,993 [INFO] PluginManage:359 - Loaded plugin userauth (category:base,tabindex:14)
2025-03-28 14:40:01,993 [INFO] PluginManage:283 - PluginManage : Loaded plugins [18]
2025-03-28 14:40:02,165 [INFO] PinOutPanel:1589 - setPackage(No Configuration,No Configuration)
2025-03-28 14:40:02,235 [INFO] CADModel:165 - CPN selected for project level
2025-03-28 14:40:02,235 [INFO] CADModel:114 - Register for checkConnection events
2025-03-28 14:40:02,265 [INFO] IPUIPlugin:80 - create IPUIPlugin
2025-03-28 14:40:02,265 [INFO] PluginManager:220 - loadIPPluginJar : add adc
2025-03-28 14:40:02,305 [INFO] IPUIPlugin:80 - create IPUIPlugin
2025-03-28 14:40:02,305 [INFO] PluginManager:220 - loadIPPluginJar : add aes
2025-03-28 14:40:02,351 [INFO] IPUIPlugin:80 - create IPUIPlugin
2025-03-28 14:40:02,351 [INFO] PluginManager:220 - loadIPPluginJar : add can
2025-03-28 14:40:02,380 [INFO] IPUIPlugin:80 - create IPUIPlugin
2025-03-28 14:40:02,380 [INFO] PluginManager:220 - loadIPPluginJar : add comp
2025-03-28 14:40:02,412 [INFO] IPUIPlugin:80 - create IPUIPlugin
2025-03-28 14:40:02,412 [INFO] PluginManager:220 - loadIPPluginJar : add cryp
2025-03-28 14:40:02,427 [INFO] IPUIPlugin:80 - create IPUIPlugin
2025-03-28 14:40:02,427 [INFO] PluginManager:220 - loadIPPluginJar : add ddr_ctrl_phy
2025-03-28 14:40:02,455 [INFO] IPUIPlugin:80 - create IPUIPlugin
2025-03-28 14:40:02,455 [INFO] PluginManager:220 - loadIPPluginJar : add dfsdm
2025-03-28 14:40:02,470 [INFO] IPUIPlugin:80 - create IPUIPlugin
2025-03-28 14:40:02,471 [INFO] PluginManager:220 - loadIPPluginJar : add dma
2025-03-28 14:40:02,506 [INFO] IPUIPlugin:80 - create IPUIPlugin
2025-03-28 14:40:02,506 [INFO] PluginManager:220 - loadIPPluginJar : add dma3
2025-03-28 14:40:02,549 [INFO] IPUIPlugin:80 - create IPUIPlugin
2025-03-28 14:40:02,549 [INFO] PluginManager:220 - loadIPPluginJar : add extmemmanager
2025-03-28 14:40:02,570 [INFO] IPUIPlugin:80 - create IPUIPlugin
2025-03-28 14:40:02,570 [INFO] PluginManager:220 - loadIPPluginJar : add fatfs
2025-03-28 14:40:02,614 [INFO] IPUIPlugin:80 - create IPUIPlugin
2025-03-28 14:40:02,614 [INFO] PluginManager:220 - loadIPPluginJar : add fmc
2025-03-28 14:40:02,630 [INFO] IPUIPlugin:80 - create IPUIPlugin
2025-03-28 14:40:02,631 [INFO] PluginManager:220 - loadIPPluginJar : add freertos
2025-03-28 14:40:02,651 [INFO] IPUIPlugin:80 - create IPUIPlugin
2025-03-28 14:40:02,651 [INFO] PluginManager:220 - loadIPPluginJar : add genericplugin
2025-03-28 14:40:02,733 [INFO] IPUIPlugin:80 - create IPUIPlugin
2025-03-28 14:40:02,733 [INFO] PluginManager:220 - loadIPPluginJar : add gfxmmu
2025-03-28 14:40:02,846 [INFO] IPUIPlugin:80 - create IPUIPlugin
2025-03-28 14:40:02,846 [INFO] PluginManager:220 - loadIPPluginJar : add gic
2025-03-28 14:40:02,862 [INFO] IPUIPlugin:80 - create IPUIPlugin
2025-03-28 14:40:02,862 [INFO] PluginManager:220 - loadIPPluginJar : add gpio
2025-03-28 14:40:02,968 [INFO] IPUIPlugin:80 - create IPUIPlugin
2025-03-28 14:40:02,968 [INFO] PluginManager:220 - loadIPPluginJar : add gtzc
2025-03-28 14:40:03,010 [INFO] IPUIPlugin:80 - create IPUIPlugin
2025-03-28 14:40:03,010 [INFO] PluginManager:220 - loadIPPluginJar : add hash
2025-03-28 14:40:03,060 [INFO] IPUIPlugin:80 - create IPUIPlugin
2025-03-28 14:40:03,061 [INFO] PluginManager:220 - loadIPPluginJar : add i2c
2025-03-28 14:40:03,096 [INFO] IPUIPlugin:80 - create IPUIPlugin
2025-03-28 14:40:03,097 [INFO] PluginManager:220 - loadIPPluginJar : add i2s
2025-03-28 14:40:03,139 [INFO] IPUIPlugin:80 - create IPUIPlugin
2025-03-28 14:40:03,140 [INFO] PluginManager:220 - loadIPPluginJar : add i3c
2025-03-28 14:40:03,235 [INFO] IPUIPlugin:80 - create IPUIPlugin
2025-03-28 14:40:03,236 [INFO] PluginManager:220 - loadIPPluginJar : add ipddr
2025-03-28 14:40:03,319 [INFO] IPUIPlugin:80 - create IPUIPlugin
2025-03-28 14:40:03,319 [INFO] PluginManager:220 - loadIPPluginJar : add linkedlist
2025-03-28 14:40:03,360 [INFO] IPUIPlugin:80 - create IPUIPlugin
2025-03-28 14:40:03,360 [INFO] PluginManager:220 - loadIPPluginJar : add lorawan
2025-03-28 14:40:03,394 [INFO] IPUIPlugin:80 - create IPUIPlugin
2025-03-28 14:40:03,395 [INFO] PluginManager:220 - loadIPPluginJar : add ltdc
2025-03-28 14:40:03,412 [INFO] IPUIPlugin:80 - create IPUIPlugin
2025-03-28 14:40:03,412 [INFO] PluginManager:220 - loadIPPluginJar : add mdma
2025-03-28 14:40:03,426 [INFO] IPUIPlugin:80 - create IPUIPlugin
2025-03-28 14:40:03,426 [INFO] PluginManager:220 - loadIPPluginJar : add nvic
2025-03-28 14:40:03,463 [INFO] IPUIPlugin:80 - create IPUIPlugin
2025-03-28 14:40:03,464 [INFO] PluginManager:220 - loadIPPluginJar : add opamp
2025-03-28 14:40:03,521 [INFO] IPUIPlugin:80 - create IPUIPlugin
2025-03-28 14:40:03,521 [INFO] PluginManager:220 - loadIPPluginJar : add openamp
2025-03-28 14:40:03,564 [INFO] IPUIPlugin:80 - create IPUIPlugin
2025-03-28 14:40:03,564 [INFO] PluginManager:220 - loadIPPluginJar : add pdm2pcm
2025-03-28 14:40:03,579 [INFO] IPUIPlugin:80 - create IPUIPlugin
2025-03-28 14:40:03,581 [INFO] PluginManager:220 - loadIPPluginJar : add plateformsettings
2025-03-28 14:40:03,609 [INFO] IPUIPlugin:80 - create IPUIPlugin
2025-03-28 14:40:03,609 [INFO] PluginManager:220 - loadIPPluginJar : add quadspi
2025-03-28 14:40:03,637 [INFO] IPUIPlugin:80 - create IPUIPlugin
2025-03-28 14:40:03,637 [INFO] PluginManager:220 - loadIPPluginJar : add radio
2025-03-28 14:40:03,653 [INFO] IPUIPlugin:80 - create IPUIPlugin
2025-03-28 14:40:03,653 [INFO] PluginManager:220 - loadIPPluginJar : add resmgrutility
2025-03-28 14:40:03,701 [INFO] IPUIPlugin:80 - create IPUIPlugin
2025-03-28 14:40:03,701 [INFO] PluginManager:220 - loadIPPluginJar : add sai
2025-03-28 14:40:03,738 [INFO] IPUIPlugin:80 - create IPUIPlugin
2025-03-28 14:40:03,738 [INFO] PluginManager:220 - loadIPPluginJar : add spi
2025-03-28 14:40:03,817 [INFO] IPUIPlugin:80 - create IPUIPlugin
2025-03-28 14:40:03,818 [INFO] PluginManager:220 - loadIPPluginJar : add stm32_wpan
2025-03-28 14:40:03,844 [INFO] IPUIPlugin:80 - create IPUIPlugin
2025-03-28 14:40:03,845 [INFO] PluginManager:220 - loadIPPluginJar : add tim
2025-03-28 14:40:03,906 [INFO] IPUIPlugin:80 - create IPUIPlugin
2025-03-28 14:40:03,906 [INFO] PluginManager:220 - loadIPPluginJar : add touchsensing
2025-03-28 14:40:03,931 [INFO] IPUIPlugin:80 - create IPUIPlugin
2025-03-28 14:40:03,931 [INFO] PluginManager:220 - loadIPPluginJar : add tracer_emb
2025-03-28 14:40:03,957 [INFO] IPUIPlugin:80 - create IPUIPlugin
2025-03-28 14:40:03,957 [INFO] PluginManager:220 - loadIPPluginJar : add ts
2025-03-28 14:40:03,982 [INFO] IPUIPlugin:80 - create IPUIPlugin
2025-03-28 14:40:03,983 [INFO] PluginManager:220 - loadIPPluginJar : add tsc
2025-03-28 14:40:04,008 [INFO] IPUIPlugin:80 - create IPUIPlugin
2025-03-28 14:40:04,008 [INFO] PluginManager:220 - loadIPPluginJar : add ucpd
2025-03-28 14:40:04,051 [INFO] IPUIPlugin:80 - create IPUIPlugin
2025-03-28 14:40:04,051 [INFO] PluginManager:220 - loadIPPluginJar : add usart
2025-03-28 14:40:04,096 [INFO] IPUIPlugin:80 - create IPUIPlugin
2025-03-28 14:40:04,097 [INFO] PluginManager:220 - loadIPPluginJar : add usbx
2025-03-28 14:40:04,211 [FATAL] Updater:351 - Updater called before beeing initialized
2025-03-28 14:40:04,236 [INFO] RulesReader:64 - Compatibility file has been processed (301 Rules)
2025-03-28 14:40:04,246 [INFO] RulesReader:64 - Compatibility file has been processed (301 Rules)
2025-03-28 14:40:04,253 [INFO] CADModel:165 - CPN selected for project level
2025-03-28 14:40:04,253 [INFO] CADModel:114 - Register for checkConnection events
2025-03-28 14:40:04,253 [FATAL] Updater:351 - Updater called before beeing initialized
2025-03-28 14:40:04,253 [ERROR] CADModel:125 - Updater not yet initialized, retry later 
2025-03-28 14:40:04,385 [FATAL] Updater:351 - Updater called before beeing initialized
2025-03-28 14:40:04,387 [INFO] CADModel:165 - CPN selected for project level
2025-03-28 14:40:04,388 [INFO] CADModel:114 - Register for checkConnection events
2025-03-28 14:40:04,388 [FATAL] Updater:351 - Updater called before beeing initialized
2025-03-28 14:40:04,388 [ERROR] CADModel:125 - Updater not yet initialized, retry later 
2025-03-28 14:40:04,390 [FATAL] Updater:351 - Updater called before beeing initialized
2025-03-28 14:40:04,464 [FATAL] Updater:351 - Updater called before beeing initialized
2025-03-28 14:40:04,469 [INFO] DbMcusAds:53 - JSON generation date=Thu Mar 06 21:54:21 ICT 2025 (1741272861825)
2025-03-28 14:40:04,469 [FATAL] Updater:351 - Updater called before beeing initialized
2025-03-28 14:40:04,558 [WARN] DetailPanel:346 - Failed to get advertising image, set to default
2025-03-28 14:40:04,746 [FATAL] Updater:351 - Updater called before beeing initialized
2025-03-28 14:40:04,748 [FATAL] Updater:351 - Updater called before beeing initialized
2025-03-28 14:40:04,748 [FATAL] Updater:351 - Updater called before beeing initialized
2025-03-28 14:40:04,748 [WARN] DetailPanel:346 - Failed to get advertising image, set to default
2025-03-28 14:40:04,749 [FATAL] Updater:351 - Updater called before beeing initialized
2025-03-28 14:40:04,765 [INFO] ThirdPartyUpdaterWithRetryManager:70 - Updater plugin not ready yet. [2/15]
2025-03-28 14:40:04,795 [ERROR] Updater:1198 - MainUpdater not yet initialized. External WinMGr cannot be set.
2025-03-28 14:40:04,804 [INFO] Updater:1134 - Updater Version found : 6.14.0
2025-03-28 14:40:04,819 [INFO] ApplicationProperties:184 - Using Application install path: D:\ST\STM32CubeIDE_1.18.0\STM32CubeIDE\plugins\com.st.stm32cube.common.mx_6.14.0.202502271554
2025-03-28 14:40:06,385 [ERROR] LogOutputStream:75 - [STDERR_REDIRECT] Mar 28, 2025 2:40:06 PM java.util.prefs.WindowsPreferences <init>
2025-03-28 14:40:06,386 [ERROR] LogOutputStream:75 - [STDERR_REDIRECT] WARNING: Could not open/create prefs root node Software\JavaSoft\Prefs at root 0xffffffff80000002. Windows RegCreateKeyEx(...) returned error code 5.
2025-03-28 14:40:06,386 [ERROR] LogOutputStream:75 - [STDERR_REDIRECT] 
2025-03-28 14:40:06,666 [INFO] MainUpdater:2872 - connection check result : 10
2025-03-28 14:40:06,667 [INFO] MainUpdater:289 - Updater Check For Update Now.
2025-03-28 14:40:06,667 [INFO] MicroXplorer:498 - Change Database Version : DB.6.0.140
2025-03-28 14:40:06,681 [INFO] McuFinderGlobals:63 - Set McuFinder mode to 2 (CubeIDE integrated)
2025-03-28 14:40:06,682 [INFO] UserAuth:486 - Internet connection configuration mode: 1
2025-03-28 14:40:06,709 [INFO] JxBrowserEngine:152 - Initiate JxBrowser Engine with user profile folder
2025-03-28 14:40:06,819 [INFO] CheckServerUpdateThread:120 - End of CheckServer Thread
2025-03-28 14:40:07,847 [WARN] PackLoader:240 - Cannot read IP mode file for STMicroelectronics.FP-SNS-MOTENV1.5.0.0
2025-03-28 14:40:07,854 [WARN] PackLoader:240 - Cannot read IP mode file for STMicroelectronics.FP-ATR-SIGFOX1.3.2.0
2025-03-28 14:40:07,861 [WARN] PackLoader:240 - Cannot read IP mode file for STMicroelectronics.FP-SNS-STBOX1.2.0.0
2025-03-28 14:40:07,864 [INFO] ThirdParty:978 - Integrity check success = true
2025-03-28 14:40:07,864 [INFO] IntegrityCheckThread:100 - exiting critical section [integrity check]
2025-03-28 14:40:07,864 [INFO] IntegrityCheckThread:103 - End integrity checks thread
2025-03-28 14:40:08,451 [INFO] WebApp:169 - Instantiating new browser for Auth
2025-03-28 14:40:09,311 [INFO] WebApp:463 - Apply proxy settings
2025-03-28 14:40:09,311 [INFO] WebApp:548 - Chromium requires no authentication
2025-03-28 14:40:09,337 [INFO] WebApp:491 - Direct internet connection detected
2025-03-28 14:40:09,397 [INFO] WebApp:894 - Register for checkConnection events
2025-03-28 14:40:09,398 [INFO] WebApp:463 - Apply proxy settings
2025-03-28 14:40:09,398 [INFO] WebApp:548 - Chromium requires no authentication
2025-03-28 14:40:09,398 [INFO] WebApp:491 - Direct internet connection detected
2025-03-28 14:40:09,654 [INFO] WebApp:191 - Connection restablished
2025-03-28 14:40:09,747 [INFO] WebApp:225 - Starting web application
2025-03-28 14:40:09,747 [INFO] WebApp:593 - Web application path used D:\ST\STM32CubeIDE_1.18.0\STM32CubeIDE\plugins\com.st.stm32cube.common.mx_6.14.0.202502271554\db\plugins\mcufinder\reactClient1\index.html
2025-03-28 14:40:09,895 [INFO] UserAuth:486 - Internet connection configuration mode: 1
2025-03-28 14:59:12,130 [INFO] WebApp:194 - Connection lost
2025-03-28 14:59:15,521 [INFO] WebApp:191 - Connection restablished
2025-03-28 16:36:12,614 [ERROR] LogOutputStream:75 - [STDERR_REDIRECT] 
2025-03-28 16:36:12,615 [ERROR] LogOutputStream:75 - [STDERR_REDIRECT] 
